1604268351029	geckodriver	INFO	Listening on 127.0.0.1:58873
1604268354080	mozrunner::runner	INFO	Running command: "C:\\Program Files\\Mozilla Firefox\\firefox.exe" "--marionette" "-foreground" "-no-remote" "-profile" "C:\\Users\\gaspe\\AppData\\Local\\Temp\\rust_mozprofileY5J0h5"
Can't find symbol 'eglSwapBuffersWithDamageEXT'.
JavaScript error: resource://gre/modules/XULStore.jsm, line 66: Error: Can't find profile directory.
console.warn: SearchSettings: "get: No settings file exists, new profile?" (new Error("", "(unknown module)"))
1604268356702	Marionette	INFO	Listening on port 58882
1604268356749	Marionette	WARN	TLS certificate errors will be ignored for this session
1604268357398	Marionette	INFO	Stopped listening on port 58882

###!!! [Child][MessageChannel::SendAndWait] Error: Channel error: cannot send/recv

1604268377286	geckodriver	INFO	Listening on 127.0.0.1:58922
1604268380323	mozrunner::runner	INFO	Running command: "C:\\Program Files\\Mozilla Firefox\\firefox.exe" "--marionette" "-foreground" "-no-remote" "-profile" "C:\\Users\\gaspe\\AppData\\Local\\Temp\\rust_mozprofileipkusB"
Can't find symbol 'eglSwapBuffersWithDamageEXT'.
JavaScript error: resource://gre/modules/XULStore.jsm, line 66: Error: Can't find profile directory.
console.warn: SearchSettings: "get: No settings file exists, new profile?" (new Error("", "(unknown module)"))
1604268382991	Marionette	INFO	Listening on port 58931
1604268383508	Marionette	WARN	TLS certificate errors will be ignored for this session
JavaScript warning: https://www.worldometers.info/coronavirus/, line 21894: unreachable code after return statement
JavaScript warning: https://www.worldometers.info/coronavirus/, line 21950: unreachable code after return statement
Can't find symbol 'eglSwapBuffersWithDamageEXT'.
JavaScript error: , line 0: TypeError: NetworkError when attempting to fetch resource.

###!!! [Child][RunMessage] Error: Channel closing: too late to send/recv, messages will be lost

1604269768630	Marionette	INFO	Stopped listening on port 58931

###!!! [Child][RunMessage] Error: Channel closing: too late to send/recv, messages will be lost


###!!! [Child][MessageChannel::SendAndWait] Error: Channel error: cannot send/recv

jsm, line 66: Error: Can't find profile directory.
console.warn: SearchSettings: "get: No settings file exists, new profile?" (new Error("", "(unknown module)"))
1604268699681	Marionette	INFO	Listening on port 59288
1604268700161	Marionette	WARN	TLS certificate errors will be ignored for this session
JavaScript warning: https://www.worldometers.info/coronavirus/, line 21899: unreachable code after return statement
JavaScript warning: https://www.worldometers.info/coronavirus/, line 21955: unreachable code after return statement
Can't find symbol 'eglSwapBuffersWithDamageEXT'.
JavaScript error: https://cdn.datatables.net/1.10.19/js/jquery.dataTables.min.js, line 56: TypeError: f[0] is undefined
JavaScript error: https://cdn.datatables.net/1.10.19/js/jquery.dataTables.min.js, line 56: TypeError: f[0] is undefined
JavaScript error: https://cdn.datatables.net/1.10.19/js/jquery.dataTables.min.js, line 56: TypeError: f[0] is undefined
JavaScript error: https://cdn.datatables.net/1.10.19/js/jquery.dataTables.min.js, line 56: TypeError: f[0] is undefined
JavaScript warning: https://www.worldometers.info/coronavirus/, line 21899: unreachable code after return statement
JavaScript warning: https://www.worldometers.info/coronavirus/, line 21955: unreachable code after return statement
SourceActor threw an exception: [Exception... "Component returned failure code: 0x80470002 (NS_BASE_STREAM_CLOSED) [nsIInputStream.available]"  nsresult: "0x80470002 (NS_BASE_STREAM_CLOSED)"  location: "JS frame :: resource://devtools/shared/DevToolsUtils.js :: onResponse :: line 567"  data: no]
Stack: onResponse@resource://devtools/shared/DevToolsUtils.js:567:34
onStopRequest@resource://gre/modules/NetUtil.jsm:128:18
Line: 567, column: 0
console.error: ({})
JavaScript error: resource://devtools/shared/DevToolsUtils.js, line 567: NS_BASE_STREAM_CLOSED: Component returned failure code: 0x80470002 (NS_BASE_STREAM_CLOSED) [nsIInputStream.available]
1604268944183	Marionette	INFO	Stopped listening on port 59288

###!!! [Child][RunMessage] Error: Channel closing: too late to send/recv, messages will be lost


###!!! [Child][MessageChannel::SendAndWait] Error: Channel error: cannot send/recv

Temp\\rust_mozprofileVYK9uy"
Can't find symbol 'eglSwapBuffersWithDamageEXT'.
JavaScript error: resource://gre/modules/XULStore.jsm, line 66: Error: Can't find profile directory.
console.warn: SearchSettings: "get: No settings file exists, new profile?" (new Error("", "(unknown module)"))
1604268946835	Marionette	INFO	Listening on port 59589
1604268947333	Marionette	WARN	TLS certificate errors will be ignored for this session
JavaScript warning: https://www.worldometers.info/coronavirus/, line 21892: unreachable code after return statement
JavaScript warning: https://www.worldometers.info/coronavirus/, line 21948: unreachable code after return statement
Can't find symbol 'eglSwapBuffersWithDamageEXT'.
JavaScript error: https://datatofish.com/executable-pyinstaller/, line 26: ReferenceError: jQuery is not defined
1604269306042	Marionette	INFO	Stopped listening on port 59589

###!!! [Child][RunMessage] Error: Channel closing: too late to send/recv, messages will be lost


###!!! [Child][MessageChannel::SendAndWait] Error: Channel error: cannot send/recv

1604313058942	geckodriver	INFO	Listening on 127.0.0.1:60209
1604313061982	mozrunner::runner	INFO	Running command: "C:\\Program Files\\Mozilla Firefox\\firefox.exe" "--marionette" "-foreground" "-no-remote" "-profile" "C:\\Users\\gaspe\\AppData\\Local\\Temp\\rust_mozprofilehgLHWQ"
Can't find symbol 'eglSwapBuffersWithDamageEXT'.
JavaScript error: resource://gre/modules/XULStore.jsm, line 66: Error: Can't find profile directory.
console.warn: SearchSettings: "get: No settings file exists, new profile?" (new Error("", "(unknown module)"))
1604313064926	Marionette	INFO	Listening on port 60218
1604313065229	Marionette	WARN	TLS certificate errors will be ignored for this session
JavaScript warning: https://www.worldometers.info/coronavirus/, line 21888: unreachable code after return statement
JavaScript warning: https://www.worldometers.info/coronavirus/, line 21944: unreachable code after return statement
Can't find symbol 'eglSwapBuffersWithDamageEXT'.
1604313081497	Marionette	INFO	Stopped listening on port 60218

###!!! [Child][RunMessage] Error: Channel closing: too late to send/recv, messages will be lost


###!!! [Child][MessageChannel::SendAndWait] Error: Channel error: cannot send/recv

1604313097068	geckodriver	INFO	Listening on 127.0.0.1:60376
1604313100083	mozrunner::runner	INFO	Running command: "C:\\Program Files\\Mozilla Firefox\\firefox.exe" "--marionette" "-foreground" "-no-remote" "-profile" "C:\\Users\\gaspe\\AppData\\Local\\Temp\\rust_mozprofileDyEZVX"
Can't find symbol 'eglSwapBuffersWithDamageEXT'.
JavaScript error: resource://gre/modules/XULStore.jsm, line 66: Error: Can't find profile directory.
console.warn: SearchSettings: "get: No settings file exists, new profile?" (new Error("", "(unknown module)"))
1604313102789	Marionette	INFO	Listening on port 60385
1604313103279	Marionette	WARN	TLS certificate errors will be ignored for this session
JavaScript warning: https://www.worldometers.info/coronavirus/, line 21890: unreachable code after return statement
JavaScript warning: https://www.worldometers.info/coronavirus/, line 21946: unreachable code after return statement
Can't find symbol 'eglSwapBuffersWithDamageEXT'.
1604313118960	Marionette	INFO	Stopped listening on port 60385

###!!! [Child][MessageChannel] Error: (msgtype=0x380144,name=PContent::Msg_ScriptError) Channel closing: too late to send/recv, messages will be lost


###!!! [Child][RunMessage] Error: Channel closing: too late to send/recv, messages will be lost


###!!! [Child][MessageChannel::SendAndWait] Error: Channel error: cannot send/recv

1604314587717	geckodriver	INFO	Listening on 127.0.0.1:61562
1604314590773	mozrunner::runner	INFO	Running command: "C:\\Program Files\\Mozilla Firefox\\firefox.exe" "--marionette" "-foreground" "-no-remote" "-profile" "C:\\Users\\gaspe\\AppData\\Local\\Temp\\rust_mozprofilekBweOh"
Can't find symbol 'eglSwapBuffersWithDamageEXT'.
JavaScript error: resource://gre/modules/XULStore.jsm, line 66: Error: Can't find profile directory.
console.warn: SearchSettings: "get: No settings file exists, new profile?" (new Error("", "(unknown module)"))
1604314594109	Marionette	INFO	Listening on port 61571
1604314594457	Marionette	WARN	TLS certificate errors will be ignored for this session
JavaScript warning: https://www.worldometers.info/coronavirus/, line 21889: unreachable code after return statement
JavaScript warning: https://www.worldometers.info/coronavirus/, line 21945: unreachable code after return statement
Can't find symbol 'eglSwapBuffersWithDamageEXT'.
1604314611086	Marionette	INFO	Stopped listening on port 61571

###!!! [Child][RunMessage] Error: Channel closing: too late to send/recv, messages will be lost


###!!! [Child][MessageChannel::SendAndWait] Error: Channel error: cannot send/recv

1604315817015	geckodriver	INFO	Listening on 127.0.0.1:63032
1604315820069	mozrunner::runner	INFO	Running command: "C:\\Program Files\\Mozilla Firefox\\firefox.exe" "--marionette" "-foreground" "-no-remote" "-profile" "C:\\Users\\gaspe\\AppData\\Local\\Temp\\rust_mozprofileB0ljcb"
Can't find symbol 'eglSwapBuffersWithDamageEXT'.
JavaScript error: resource://gre/modules/XULStore.jsm, line 66: Error: Can't find profile directory.
console.warn: SearchSettings: "get: No settings file exists, new profile?" (new Error("", "(unknown module)"))
1604315822755	Marionette	INFO	Listening on port 63042
1604315823273	Marionette	WARN	TLS certificate errors will be ignored for this session
JavaScript warning: https://www.worldometers.info/coronavirus/, line 21894: unreachable code after return statement
JavaScript warning: https://www.worldometers.info/coronavirus/, line 21950: unreachable code after return statement
Can't find symbol 'eglSwapBuffersWithDamageEXT'.
1604315841208	Marionette	INFO	Stopped listening on port 63042

###!!! [Child][MessageChannel] Error: (msgtype=0x380144,name=PContent::Msg_ScriptError) Channel closing: too late to send/recv, messages will be lost


###!!! [Child][RunMessage] Error: Channel closing: too late to send/recv, messages will be lost


###!!! [Child][MessageChannel::SendAndWait] Error: Channel error: cannot send/recv

1604490489932	geckodriver	INFO	Listening on 127.0.0.1:51874
1604490492979	mozrunner::runner	INFO	Running command: "C:\\Program Files\\Mozilla Firefox\\firefox.exe" "--marionette" "-foreground" "-no-remote" "-profile" "C:\\Users\\gaspe\\AppData\\Local\\Temp\\rust_mozprofileCIQAlN"
Can't find symbol 'eglSwapBuffersWithDamageEXT'.
JavaScript error: resource://gre/modules/XULStore.jsm, line 66: Error: Can't find profile directory.
console.warn: SearchSettings: "get: No settings file exists, new profile?" (new Error("", "(unknown module)"))
1604490496565	Marionette	INFO	Listening on port 51884
1604490496796	Marionette	WARN	TLS certificate errors will be ignored for this session
JavaScript warning: https://www.worldometers.info/coronavirus/, line 21886: unreachable code after return statement
JavaScript warning: https://www.worldometers.info/coronavirus/, line 21942: unreachable code after return statement
Can't find symbol 'eglSwapBuffersWithDamageEXT'.
1604490515028	Marionette	INFO	Stopped listening on port 51884

###!!! [Child][MessageChannel] Error: (msgtype=0x380144,name=PContent::Msg_ScriptError) Channel closing: too late to send/recv, messages will be lost


###!!! [Child][RunMessage] Error: Channel closing: too late to send/recv, messages will be lost


###!!! [Child][MessageChannel::SendAndWait] Error: Channel error: cannot send/recv

1604501392803	geckodriver	INFO	Listening on 127.0.0.1:61516
1604501395847	mozrunner::runner	INFO	Running command: "C:\\Program Files\\Mozilla Firefox\\firefox.exe" "--marionette" "-foreground" "-no-remote" "-profile" "C:\\Users\\gaspe\\AppData\\Local\\Temp\\rust_mozprofileSl6gGI"
Can't find symbol 'eglSwapBuffersWithDamageEXT'.
JavaScript error: resource://gre/modules/XULStore.jsm, line 66: Error: Can't find profile directory.
console.warn: SearchSettings: "get: No settings file exists, new profile?" (new Error("", "(unknown module)"))
1604501398840	Marionette	INFO	Listening on port 61525
1604501399014	Marionette	WARN	TLS certificate errors will be ignored for this session
JavaScript warning: https://www.worldometers.info/coronavirus/, line 21887: unreachable code after return statement
JavaScript warning: https://www.worldometers.info/coronavirus/, line 21943: unreachable code after return statement
Can't find symbol 'eglSwapBuffersWithDamageEXT'.
1604501419292	Marionette	INFO	Stopped listening on port 61525

###!!! [Child][RunMessage] Error: Channel closing: too late to send/recv, messages will be lost


###!!! [Child][MessageChannel::SendAndWait] Error: Channel error: cannot send/recv

1604502382175	geckodriver	INFO	Listening on 127.0.0.1:62549
1604502385215	mozrunner::runner	INFO	Running command: "C:\\Program Files\\Mozilla Firefox\\firefox.exe" "--marionette" "-foreground" "-no-remote" "-profile" "C:\\Users\\gaspe\\AppData\\Local\\Temp\\rust_mozprofilerAGPwa"
Can't find symbol 'eglSwapBuffersWithDamageEXT'.
JavaScript error: resource://gre/modules/XULStore.jsm, line 66: Error: Can't find profile directory.
console.warn: SearchSettings: "get: No settings file exists, new profile?" (new Error("", "(unknown module)"))
1604502388586	Marionette	INFO	Listening on port 62560
1604502388946	Marionette	WARN	TLS certificate errors will be ignored for this session
1604502405080	Marionette	INFO	Stopped listening on port 62560

###!!! [Child][RunMessage] Error: Channel closing: too late to send/recv, messages will be lost


###!!! [Child][MessageChannel::SendAndWait] Error: Channel error: cannot send/recv

1604502414036	geckodriver	INFO	Listening on 127.0.0.1:62674
1604502417087	mozrunner::runner	INFO	Running command: "C:\\Program Files\\Mozilla Firefox\\firefox.exe" "--marionette" "-foreground" "-no-remote" "-profile" "C:\\Users\\gaspe\\AppData\\Local\\Temp\\rust_mozprofile4vpQG6"
Can't find symbol 'eglSwapBuffersWithDamageEXT'.
JavaScript error: resource://gre/modules/XULStore.jsm, line 66: Error: Can't find profile directory.
console.warn: SearchSettings: "get: No settings file exists, new profile?" (new Error("", "(unknown module)"))
1604502420345	Marionette	INFO	Listening on port 62684
1604502420791	Marionette	WARN	TLS certificate errors will be ignored for this session
1604502513184	geckodriver	INFO	Listening on 127.0.0.1:62825
1604502516215	mozrunner::runner	INFO	Running command: "C:\\Program Files\\Mozilla Firefox\\firefox.exe" "--marionette" "-foreground" "-no-remote" "-profile" "C:\\Users\\gaspe\\AppData\\Local\\Temp\\rust_mozprofileHhF0Sf"
Can't find symbol 'eglSwapBuffersWithDamageEXT'.
JavaScript error: resource://gre/modules/XULStore.jsm, line 66: Error: Can't find profile directory.
console.warn: SearchSettings: "get: No settings file exists, new profile?" (new Error("", "(unknown module)"))
1604502519277	Marionette	INFO	Listening on port 62834
1604502519405	Marionette	WARN	TLS certificate errors will be ignored for this session
console.error: (new TypeError("parent is null", "resource://devtools/client/inspector/shared/style-change-tracker.js", 67))
TypeError: parent is null: canMutationImpactCurrentStyles@resource://devtools/client/inspector/shared/style-change-tracker.js:67:24
onMutations@resource://devtools/client/inspector/shared/style-change-tracker.js:84:41
_emit@resource://devtools/shared/event-emitter.js:226:34
emit@resource://devtools/shared/event-emitter.js:172:18
emit@resource://devtools/shared/event-emitter.js:324:18
getMutations@resource://devtools/client/fronts/walker.js:405:10

console.error: "Error while calling actor 'pagestyle's method 'getLayout'" "node is null"
console.error: "getLayout@resource://devtools/server/actors/styles.js:989:5\nhandler@resource://devtools/shared/protocol/Actor.js:172:37\nonPacket@resource://devtools/server/devtools-server-connection.js:379:58\nreceiveMessage@resource://devtools/shared/transport/child-transport.js:66:16\n"
console.error: (new Error("Protocol error (TypeError): node is null from: server0.conn0.child2/pagestyle26 (resource://devtools/server/actors/styles.js:989:5)", "resource://devtools/shared/protocol/Front.js", 341))
1604503057472	Marionette	INFO	Stopped listening on port 62831604503058616	mozrunner::runner	INFO	Running command: "C:\\Program Files\\Mozilla Firefox\\firefox.exe" "--marionette" "-foreground" "-no-remote" "-profile" "C:\\Users\\gaspe\\AppData\\Local\\Temp\\rust_mozprofileCLrf71"
Can't find symbol 'eglSwapBuffersWithDamageEXT'.
JavaScript error: resource://gre/modules/XULStore.jsm, line 66: Error: Can't find profile directory.
console.warn: SearchSettings: "get: No settings file exists, new profile?" (new Error("", "(unknown module)"))
1604503061455	Marionette	INFO	Listening on port 63270
1604503061800	Marionette	WARN	TLS certificate errors will be ignored for this session
JavaScript error: https://www.worldometers.info/, line 12: ReferenceError: freestar is not defined
console.error: "Error while calling actor 'layout's method 'getGrids'" "node is null"
console.error: "getGrids@resource://devtools/server/actors/layout.js:502:26\ngetGrids@resource://devtools/server/actors/layout.js:507:43\ngetGrids@resource://devtools/server/actors/layout.js:507:43\nhandler@resource://devtools/shared/protocol/Actor.js:172:37\nonPacket@resource://devtools/server/devtools-server-connection.js:379:58\nreceiveMessage@resource://devtools/shared/transport/child-transport.js:66:16\n"
Can't find symbol 'eglSwapBuffersWithDamageEXT'.
JavaScript warning: https://www.worldometers.info/coronavirus/, line 21887: unreachable code after return statement
JavaScript warning: https://www.worldometers.info/coronavirus/, line 21943: unreachable code after return statement
console.error: "Error while calling actor 'layout's method 'getGrids'" "node is null"
console.error: "getGrids@resource://devtools/server/actors/layout.js:502:26\ngetGrids@resource://devtools/server/actors/layout.js:507:43\nhandler@resource://devtools/shared/protocol/Actor.js:172:37\nonPacket@resource://devtools/server/devtools-server-connection.js:379:58\nreceiveMessage@resource://devtools/shared/transport/child-transport.js:66:16\n"
console.error: "Error while calling actor 'layout's method 'getGrids'" "node is null"
console.error: "getGrids@resource://devtools/server/actors/layout.js:502:26\ngetGrids@resource://devtools/server/actors/layout.js:507:43\ngetGrids@resource://devtools/server/actors/layout.js:507:43\nhandler@resource://devtools/shared/protocol/Actor.js:172:37\nonPacket@resource://devtools/server/devtools-server-connection.js:379:58\nreceiveMessage@resource://devtools/shared/transport/child-transport.js:66:16\n"
JavaScript warning: https://www.worldometers.info/coronavirus/, line 21891: unreachable code after return statement
JavaScript warning: https://www.worldometers.info/coronavirus/, line 21947: unreachable code after return statement
console.error: "Error while calling actor 'layout's method 'getGrids'" "node is null"
console.error: "getGrids@resource://devtools/server/actors/layout.js:502:26\ngetGrids@resource://devtools/server/actors/layout.js:507:43\nhandler@resource://devtools/shared/protocol/Actor.js:172:37\nonPacket@resource://devtools/server/devtools-server-connection.js:379:58\nreceiveMessage@resource://devtools/shared/transport/child-transport.js:66:16\n"
console.error: "Error while calling actor 'layout's method 'getGrids'" "node is null"
console.error: "getGrids@resource://devtools/server/actors/layout.js:502:26\ngetGrids@resource://devtools/server/actors/layout.js:507:43\ngetGrids@resource://devtools/server/actors/layout.js:507:43\nhandler@resource://devtools/shared/protocol/Actor.js:172:37\nonPacket@resource://devtools/server/devtools-server-connection.js:379:58\nreceiveMessage@resource://devtools/shared/transport/child-transport.js:66:16\n"
console.error: "Error while calling actor 'layout's method 'getGrids'" "node is null"
console.error: "getGrids@resource://devtools/server/actors/layout.js:502:26\ngetGrids@resource://devtools/server/actors/layout.js:507:43\ngetGrids@resource://devtools/server/actors/layout.js:507:43\nhandler@resource://devtools/shared/protocol/Actor.js:172:37\nonPacket@resource://devtools/server/devtools-server-connection.js:379:58\nreceiveMessage@resource://devtools/shared/transport/child-transport.js:66:16\n"
JavaScript error: https://cdn.datatables.net/1.10.19/js/jquery.dataTables.min.js, line 56: TypeError: f[0] is undefined
JavaScript error: https://cdn.datatables.net/1.10.19/js/jquery.dataTables.min.js, line 56: TypeError: f[0] is undefined
1604504463426	Marionette	INFO	Stopped listening on port 63270

###!!! [Child][RunMessage] Error: Channel closing: too late to send/recv, messages will be lost


###!!! [Child][MessageChannel::SendAndWait] Error: Channel error: cannot send/recv

Temp\\rust_mozprofileRSC2KO"
Can't find symbol 'eglSwapBuffersWithDamageEXT'.
JavaScript error: resource://gre/modules/XULStore.jsm, line 66: Error: Can't find profile directory.
console.warn: SearchSettings: "get: No settings file exists, new profile?" (new Error("", "(unknown module)"))
1604504465081	Marionette	INFO	Listening on port 64435
1604504465158	Marionette	WARN	TLS certificate errors will be ignored for this session
JavaScript warning: https://www.worldometers.info/coronavirus/, line 21887: unreachable code after return statement
JavaScript warning: https://www.worldometers.info/coronavirus/, line 21943: unreachable code after return statement
Can't find symbol 'eglSwapBuffersWithDamageEXT'.
JavaScript error: https://cdn.datatables.net/1.10.19/js/jquery.dataTables.min.js, line 56: TypeError: f[0] is undefined
JavaScript warning: https://www.worldometers.info/coronavirus/, line 21887: unreachable code after return statement
JavaScript warning: https://www.worldometers.info/coronavirus/, line 21943: unreachable code after return statement

###!!! [Child][RunMessage] Error: Channel closing: too late to send/recv, messages will be lost

1604504601131	Marionette	INFO	Stopped listening on port 64435

###!!! [Child][RunMessage] Error: Channel closing: too late to send/recv, messages will be lost


###!!! [Child][MessageChannel::SendAndWait] Error: Channel error: cannot send/recv

1604504602915	geckodriver	INFO	Listening on 127.0.0.1:64624
1604504605947	mozrunner::runner	INFO	Running command: "C:\\Program Files\\Mozilla Firefox\\firefox.exe" "--marionette" "-foreground" "-no-remote" "-profile" "C:\\Users\\gaspe\\AppData\\Local\\Temp\\rust_mozprofilewpl5u5"
Can't find symbol 'eglSwapBuffersWithDamageEXT'.
JavaScript error: resource://gre/modules/XULStore.jsm, line 66: Error: Can't find profile directory.
console.warn: SearchSettings: "get: No settings file exists, new profile?" (new Error("", "(unknown module)"))
1604504608505	Marionette	INFO	Listening on port 64633
1604504608620	Marionette	WARN	TLS certificate errors will be ignored for this session
JavaScript warning: https://www.worldometers.info/coronavirus/, line 21886: unreachable code after return statement
JavaScript warning: https://www.worldometers.info/coronavirus/, line 21942: unreachable code after return statement
Can't find symbol 'eglSwapBuffersWithDamageEXT'.
JavaScript error: https://cdn.datatables.net/1.10.19/js/jquery.dataTables.min.js, line 56: TypeError: f[0] is undefined
JavaScript error: https://cdn.datatables.net/1.10.19/js/jquery.dataTables.min.js, line 56: TypeError: f[0] is undefined
JavaScript error: https://cdn.datatables.net/1.10.19/js/jquery.dataTables.min.js, line 56: TypeError: f[0] is undefined
JavaScript error: https://cdn.datatables.net/1.10.19/js/jquery.dataTables.min.js, line 56: TypeError: f[0] is undefined
JavaScript error: https://cdn.datatables.net/1.10.19/js/jquery.dataTables.min.js, line 56: TypeError: f[0] is undefined
JavaScript error: https://cdn.datatables.net/1.10.19/js/jquery.dataTables.min.js, line 56: TypeError: f[0] is undefined
JavaScript error: https://cdn.datatables.net/1.10.19/js/jquery.dataTables.min.js, line 56: TypeError: f[0] is undefined
JavaScript error: https://cdn.datatables.net/1.10.19/js/jquery.dataTables.min.js, line 56: TypeError: f[0] is undefined
JavaScript error: https://cdn.datatables.net/1.10.19/js/jquery.dataTables.min.js, line 56: TypeError: f[0] is undefined
JavaScript error: https://cdn.datatables.net/1.10.19/js/jquery.dataTables.min.js, line 56: TypeError: f[0] is undefined
JavaScript error: https://cdn.datatables.net/1.10.19/js/jquery.dataTables.min.js, line 56: TypeError: f[0] is undefined
JavaScript error: https://cdn.datatables.net/1.10.19/js/jquery.dataTables.min.js, line 56: TypeError: f[0] is undefined
JavaScript error: https://cdn.datatables.net/1.10.19/js/jquery.dataTables.min.js, line 56: TypeError: f[0] is undefined
JavaScript error: https://cdn.datatables.net/1.10.19/js/jquery.dataTables.min.js, line 56: TypeError: f[0] is undefined
JavaScript error: https://cdn.datatables.net/1.10.19/js/jquery.dataTables.min.js, line 56: TypeError: f[0] is undefined
JavaScript error: https://cdn.datatables.net/1.10.19/js/jquery.dataTables.min.js, line 56: TypeError: f[0] is undefined
JavaScript error: https://cdn.datatables.net/1.10.19/js/jquery.dataTables.min.js, line 56: TypeError: f[0] is undefined
JavaScript error: https://cdn.datatables.net/1.10.19/js/jquery.dataTables.min.js, line 56: TypeError: f[0] is undefined
JavaScript error: https://cdn.datatables.net/1.10.19/js/jquery.dataTables.min.js, line 56: TypeError: f[0] is undefined
JavaScript error: https://cdn.datatables.net/1.10.19/js/jquery.dataTables.min.js, line 56: TypeError: f[0] is undefined
JavaScript error: https://cdn.datatables.net/1.10.19/js/jquery.dataTables.min.js, line 56: TypeError: f[0] is undefined
JavaScript error: https://cdn.datatables.net/1.10.19/js/jquery.dataTables.min.js, line 56: TypeError: f[0] is undefined
JavaScript error: https://cdn.datatables.net/1.10.19/js/jquery.dataTables.min.js, line 56: TypeError: f[0] is undefined
JavaScript warning: https://www.worldometers.info/coronavirus/, line 21886: unreachable code after return statement
JavaScript warning: https://www.worldometers.info/coronavirus/, line 21942: unreachable code after return statement

###!!! [Child][RunMessage] Error: Channel closing: too lat1604504876062	mozrunner::runner	INFO	Running command: "C:\\Program Files\\Mozilla Firefox\\firefox.exe" "--marionette" "-foreground" "-no-remote" "-profile" "C:\\Users\\gaspe\\AppData\\Local\\Temp\\rust_mozprofilecS7BOC"
Can't find symbol 'eglSwapBuffersWithDamageEXT'.
JavaScript error: resource://gre/modules/XULStore.jsm, line 66: Error: Can't find profile directory.
console.warn: SearchSettings: "get: No settings file exists, new profile?" (new Error("", "(unknown module)"))
1604504879111	Marionette	INFO	Listening on port 65004
1604504879286	Marionette	WARN	TLS certificate errors will be ignored for this session
JavaScript warning: https://www.worldometers.info/coronavirus/, line 21887: unreachable code after return statement
JavaScript warning: https://www.worldometers.info/coronavirus/, line 21943: unreachable code after return statement
Can't find symbol 'eglSwapBuffersWithDamageEXT'.
1604504926292	Marionette	INFO	Stopped listening on port 65001604504927478	mozrunner::runner	INFO	Running command: "C:\\Program Files\\Mozilla Firefox\\firefox.exe" "--marionette" "-foreground" "-no-remote" "-profile" "C:\\Users\\gaspe\\AppData\\Local\\Temp\\rust_mozprofile3RKOWS"
Can't find symbol 'eglSwapBuffersWithDamageEXT'.
JavaScript error: resource://gre/modules/XULStore.jsm, line 66: Error: Can't find profile directory.
console.warn: SearchSettings: "get: No settings file exists, new profile?" (new Error("", "(unknown module)"))
1604504930144	Marionette	INFO	Listening on port 65159
1604504930654	Marionette	WARN	TLS certificate errors will be ignored for this session
JavaScript warning: https://www.worldometers.info/coronavirus/, line 21886: unreachable code after return statement
JavaScript warning: https://www.worldometers.info/coronavirus/, line 21942: unreachable code after return statement
Can't find symbol 'eglSwapBuffersWithDamageEXT'.
JavaScript error: https://cdn.datatables.net/1.10.19/js/jquery.dataTables.min.js, line 56: TypeError: f[0] is undefined
JavaScript warning: https://www.worldometers.info/coronavirus/, line 21886: unreachable code after return statement
JavaScript warning: https://www.worldometers.info/coronavirus/, line 21942: unreachable code after return statement
1604505028980	Marionette	INFO	Stopped listening on port 65151604505029879	mozrunner::runner	INFO	Running command: "C:\\Program Files\\Mozilla Firefox\\firefox.exe" "--marionette" "-foreground" "-no-remote" "-profile" "C:\\Users\\gaspe\\AppData\\Local\\Temp\\rust_mozprofilemldf8Z"
Can't find symbol 'eglSwapBuffersWithDamageEXT'.
JavaScript error: resource://gre/modules/XULStore.jsm, line 66: Error: Can't find profile directory.
console.warn: SearchSettings: "get: No settings file exists, new profile?" (new Error("", "(unknown module)"))
1604505032467	Marionette	INFO	Listening on port 65344
1604505032561	Marionette	WARN	TLS certificate errors will be ignored for this session
JavaScript warning: https://www.worldometers.info/coronavirus/, line 21888: unreachable code after return statement
JavaScript warning: https://www.worldometers.info/coronavirus/, line 21944: unreachable code after return statement
Can't find symbol 'eglSwapBuffersWithDamageEXT'.
1604505067345	Marionette	INFO	Stopped listening on port 65344

###!!! [Child][RunMessage] Error: Channel closing: too late to send/recv, messages will be lost


###!!! [Child][MessageChannel::SendAndWait] Error: Channel error: cannot send/recv

1604505068941	geckodriver	INFO	Listening on 127.0.0.1:65482
1604505071971	mozrunner::runner	INFO	Running command: "C:\\Program Files\\Mozilla Firefox\\firefox.exe" "--marionette" "-foreground" "-no-remote" "-profile" "C:\\Users\\gaspe\\AppData\\Local\\Temp\\rust_mozprofileADQ3MH"
Can't find symbol 'eglSwapBuffersWithDamageEXT'.
JavaScript error: resource://gre/modules/XULStore.jsm, line 66: Error: Can't find profile directory.
console.warn: SearchSettings: "get: No settings file exists, new profile?" (new Error("", "(unknown module)"))
1604505074644	Marionette	INFO	Listening on port 65492
1604505075163	Marionette	WARN	TLS certificate errors will be ignored for this session
JavaScript warning: https://www.worldometers.info/coronavirus/, line 21887: unreachable code after return statement
JavaScript warning: https://www.worldometers.info/coronavirus/, line 21943: unreachable code after return statement
Can't find symbol 'eglSwapBuffersWithDamageEXT'.
JavaScript error: https://cdn.datatables.net/1.10.19/js/jquery.dataTables.min.js, line 56: TypeError: f[0] is undefined
JavaScript error: https://cdn.datatables.net/1.10.19/js/jquery.dataTables.min.js, line 56: TypeError: f[0] is undefined
1604505298113	Marionette	INFO	Stopped listening on port 65491604505299300	mozrunner::runner	INFO	Running command: "C:\\Program Files\\Mozilla Firefox\\firefox.exe" "--marionette" "-foreground" "-no-remote" "-profile" "C:\\Users\\gaspe\\AppData\\Local\\Temp\\rust_mozprofile3WAiwo"
Can't find symbol 'eglSwapBuffersWithDamageEXT'.
JavaScript error: resource://gre/modules/XULStore.jsm, line 66: Error: Can't find profile directory.
console.warn: SearchSettings: "get: No settings file exists, new profile?" (new Error("", "(unknown module)"))
1604505302326	Marionette	INFO	Listening on port 49385
1604505302491	Marionette	WARN	TLS certificate errors will be ignored for this session
JavaScript warning: https://www.worldometers.info/coronavirus/, line 21886: unreachable code after return statement
JavaScript warning: https://www.worldometers.info/coronavirus/, line 21942: unreachable code after return statement
JavaScript error: https://www.gstatic.com/mysidia/7c516c76f1fb366b17a3e9571831221c.js?tag=video_mra/web_fig_och, line 164: SecurityError: The operation is insecure.
Can't find symbol 'eglSwapBuffersWithDamageEXT'.

###!!! [Child][RunMessage] Error: Channel closing: too late to send/recv, messages will be lost

1604505339411	Marionette	INFO	Stopped listening on port 49385

###!!! [Child][RunMessage] Error: Channel closing: too late to send/recv, messages will be lost


###!!! [Child][MessageChannel::SendAndWait] Error: Channel error: cannot send/recv

1604505344291	geckodriver	INFO	Listening on 127.0.0.1:49523
1604505347322	mozrunner::runner	INFO	Running command: "C:\\Program Files\\Mozilla Firefox\\firefox.exe" "--marionette" "-foreground" "-no-remote" "-profile" "C:\\Users\\gaspe\\AppData\\Local\\Temp\\rust_mozprofileIicRTn"
Can't find symbol 'eglSwapBuffersWithDamageEXT'.
JavaScript error: resource://gre/modules/XULStore.jsm, line 66: Error: Can't find profile directory.
console.warn: SearchSettings: "get: No settings file exists, new profile?" (new Error("", "(unknown module)"))
1604505350193	Marionette	INFO	Listening on port 49532
1604505350490	Marionette	WARN	TLS certificate errors will be ignored for this session
JavaScript warning: https://www.worldometers.info/coronavirus/, line 21887: unreachable code after return statement
JavaScript warning: https://www.worldometers.info/coronavirus/, line 21943: unreachable code after return statement
Can't find symbol 'eglSwapBuffersWithDamageEXT'.
[Child 10916, Chrome_ChildThread] WARNING: pipe error: 232: file /builds/worker/checkouts/gecko/ipc/chromium/src/chrome/common/ipc_channel_win.cc, line 545
1604505367161	Marionette	INFO	Stopped listening on port 49532

###!!! [Child][RunMessage] Error: Channel closing: too late to send/recv, messages will be lost


###!!! [Child][MessageChannel::SendAndWait] Error: Channel error: cannot send/recv

1604505373058	geckodriver	INFO	Listening on 127.0.0.1:49656
1604505376096	mozrunner::runner	INFO	Running command: "C:\\Program Files\\Mozilla Firefox\\firefox.exe" "--marionette" "-foreground" "-no-remote" "-profile" "C:\\Users\\gaspe\\AppData\\Local\\Temp\\rust_mozprofileYSLnuf"
Can't find symbol 'eglSwapBuffersWithDamageEXT'.
JavaScript error: resource://gre/modules/XULStore.jsm, line 66: Error: Can't find profile directory.
console.warn: SearchSettings: "get: No settings file exists, new profile?" (new Error("", "(unknown module)"))
1604505378868	Marionette	INFO	Listening on port 49671
1604505379283	Marionette	WARN	TLS certificate errors will be ignored for this session
JavaScript warning: https://www.worldometers.info/coronavirus/, line 21886: unreachable code after return statement
JavaScript warning: https://www.worldometers.info/coronavirus/, line 21942: unreachable code after return statement
Can't find symbol 'eglSwapBuffersWithDamageEXT'.
1604505406594	geckodriver	INFO	Listening on 127.0.0.1:49889
1604505409647	mozrunner::runner	INFO	Running command: "C:\\Program Files\\Mozilla Firefox\\firefox.exe" "--marionette" "-foreground" "-no-remote" "-profile" "C:\\Users\\gaspe\\AppData\\Local\\Temp\\rust_mozprofileYpo0Oa"
Can't find symbol 'eglSwapBuffersWithDamageEXT'.
JavaScript error: resource://gre/modules/XULStore.jsm, line 66: Error: Can't find profile directory.
console.warn: SearchSettings: "get: No settings file exists, new profile?" (new Error("", "(unknown module)"))
1604505412424	Marionette	INFO	Listening on port 49902
1604505412845	Marionette	WARN	TLS certificate errors will be ignored for this session
JavaScript warning: https://www.worldometers.info/coronavirus/, line 21886: unreachable code after return statement
JavaScript warning: https://www.worldometers.info/coronavirus/, line 21942: unreachable code after return statement
Can't find symbol 'eglSwapBuffersWithDamageEXT'.
[Child 11568, Chrome_ChildThread] WARNING: pipe error: 232: file /builds/worker/checkouts/gecko/ipc/chromium/src/chrome/common/ipc_channel_win.cc, line 545

###!!! [Child][MessageChannel] Error: (msgtype=0x380144,name=PContent::Msg_ScriptError) Channel closing: too late to send/recv, messages will be lost


###!!! [Child][MessageChannel] Error: (msgtype=0x380144,name=PContent::Msg_ScriptError) Channel closing: too late to send/recv, messages will be lost

1604505427020	Marionette	INFO	Stopped listening on port 49902

###!!! [Child][RunMessage] Error: Channel closing: too late to send/recv, messages will be lost


###!!! [Child][MessageChannel::SendAndWait] Error: Channel error: cannot send/recv

1604505438361	geckodriver	INFO	Listening on 127.0.0.1:50188
1604505441414	mozrunner::runner	INFO	Running command: "C:\\Program Files\\Mozilla Firefox\\firefox.exe" "--marionette" "-foreground" "-no-remote" "-profile" "C:\\Users\\gaspe\\AppData\\Local\\Temp\\rust_mozprofileowdaL2"
Can't find symbol 'eglSwapBuffersWithDamageEXT'.
JavaScript error: resource://gre/modules/XULStore.jsm, line 66: Error: Can't find profile directory.
console.warn: SearchSettings: "get: No settings file exists, new profile?" (new Error("", "(unknown module)"))
1604505443991	Marionette	INFO	Listening on port 50197
1604505444117	Marionette	WARN	TLS certificate errors will be ignored for this session
JavaScript warning: https://www.worldometers.info/coronavirus/, line 21886: unreachable code after return statement
JavaScript warning: https://www.worldometers.info/coronavirus/, line 21942: unreachable code after return statement
Can't find symbol 'eglSwapBuffersWithDamageEXT'.
1604505453524	Marionette	INFO	Stopped listening on port 50197

###!!! [Child][RunMessage] Error: Channel closing: too late to send/recv, messages will be lost

1604505458357	geckodriver	INFO	Listening on 127.0.0.1:50305
1604505461399	mozrunner::runner	INFO	Running command: "C:\\Program Files\\Mozilla Firefox\\firefox.exe" "--marionette" "-foreground" "-no-remote" "-profile" "C:\\Users\\gaspe\\AppData\\Local\\Temp\\rust_mozprofileQxYPgm"
Can't find symbol 'eglSwapBuffersWithDamageEXT'.
JavaScript error: resource://gre/modules/XULStore.jsm, line 66: Error: Can't find profile directory.
console.warn: SearchSettings: "get: No settings file exists, new profile?" (new Error("", "(unknown module)"))
1604505464091	Marionette	INFO	Listening on port 50315
1604505464574	Marionette	WARN	TLS certificate errors will be ignored for this session
JavaScript warning: https://www.worldometers.info/coronavirus/, line 21888: unreachable code after return statement
JavaScript warning: https://www.worldometers.info/coronavirus/, line 21944: unreachable code after return statement
Can't find symbol 'eglSwapBuffersWithDamageEXT'.

###!!! [Child][MessageChannel] Error: (msgtype=0x380144,name=PContent::Msg_ScriptError) Channel closing: too late to send/recv, messages will be lost


###!!! [Child][MessageChannel] Error: (msgtype=0x380144,name=PContent::Msg_ScriptError) Channel closing: too late to send/recv, messages will be lost


###!!! [Child][MessageChannel] Error: (msgtype=0x380144,name=PContent::Msg_ScriptError) Channel closing: too late to send/recv, messages will be lost

1604505498850	Marionette	INFO	Stopped listening on port 50315

###!!! [Child][MessageChannel::SendAndWait] Error: Channel error: cannot send/recv

1604505500542	geckodriver	INFO	Listening on 127.0.0.1:50460
1604505503588	mozrunner::runner	INFO	Running command: "C:\\Program Files\\Mozilla Firefox\\firefox.exe" "--marionette" "-foreground" "-no-remote" "-profile" "C:\\Users\\gaspe\\AppData\\Local\\Temp\\rust_mozprofile5ErgHv"
Can't find symbol 'eglSwapBuffersWithDamageEXT'.
JavaScript error: resource://gre/modules/XULStore.jsm, line 66: Error: Can't find profile directory.
console.warn: SearchSettings: "get: No settings file exists, new profile?" (new Error("", "(unknown module)"))
1604505506203	Marionette	INFO	Listening on port 50470
1604505506270	Marionette	WARN	TLS certificate errors will be ignored for this session
JavaScript warning: https://www.worldometers.info/coronavirus/, line 21885: unreachable code after return statement
JavaScript warning: https://www.worldometers.info/coronavirus/, line 21941: unreachable code after return statement
Can't find symbol 'eglSwapBuffersWithDamageEXT'.
1604505532174	Marionette	INFO	Stopped listening on port 50471604505533637	mozrunner::runner	INFO	Running command: "C:\\Program Files\\Mozilla Firefox\\firefox.exe" "--marionette" "-foreground" "-no-remote" "-profile" "C:\\Users\\gaspe\\AppData\\Local\\Temp\\rust_mozprofileBWUFCm"
Can't find symbol 'eglSwapBuffersWithDamageEXT'.
JavaScript error: resource://gre/modules/XULStore.jsm, line 66: Error: Can't find profile directory.
console.warn: SearchSettings: "get: No settings file exists, new profile?" (new Error("", "(unknown module)"))
1604505536388	Marionette	INFO	Listening on port 50596
1604505536821	Marionette	WARN	TLS certificate errors will be ignored for this session
JavaScript warning: https://www.worldometers.info/coronavirus/, line 21885: unreachable code after return statement
JavaScript warning: https://www.worldometers.info/coronavirus/, line 21941: unreachable code after return statement
Can't find symbol 'eglSwapBuffersWithDamageEXT'.
1604505570844	Marionette	INFO	Stopped listening on port 50596

###!!! [Child][RunMessage] Error: Channel closing: too late to send/recv, messages will be lost


###!!! [Child][MessageChannel::SendAndWait] Error: Channel error: cannot send/recv

1604509087801	geckodriver	INFO	Listening on 127.0.0.1:53010
1604509090882	mozrunner::runner	INFO	Running command: "C:\\Program Files\\Mozilla Firefox\\firefox.exe" "--marionette" "-foreground" "-no-remote" "-profile" "C:\\Users\\gaspe\\AppData\\Local\\Temp\\rust_mozprofileInqSlm"
Can't find symbol 'eglSwapBuffersWithDamageEXT'.
JavaScript error: resource://gre/modules/XULStore.jsm, line 66: Error: Can't find profile directory.
console.warn: SearchSettings: "get: No settings file exists, new profile?" (new Error("", "(unknown module)"))
1604509093570	Marionette	INFO	Listening on port 53019
1604509094068	Marionette	WARN	TLS certificate errors will be ignored for this session
JavaScript warning: https://www.worldometers.info/coronavirus/, line 21888: unreachable code after return statement
JavaScript warning: https://www.worldometers.info/coronavirus/, line 21944: unreachable code after return statement
Can't find symbol 'eglSwapBuffersWithDamageEXT'.
1604509132054	Marionette	INFO	Stopped listening on port 53019

###!!! [Child][RunMessage] Error: Channel closing: too late to send/recv, messages will be lost


###!!! [Child][MessageChannel::SendAndWait] Error: Channel error: cannot send/recv

1604509137946	geckodriver	INFO	Listening on 127.0.0.1:53170
1604509141011	mozrunner::runner	INFO	Running command: "C:\\Program Files\\Mozilla Firefox\\firefox.exe" "--marionette" "-foreground" "-no-remote" "-profile" "C:\\Users\\gaspe\\AppData\\Local\\Temp\\rust_mozprofileRirwF2"
Can't find symbol 'eglSwapBuffersWithDamageEXT'.
JavaScript error: resource://gre/modules/XULStore.jsm, line 66: Error: Can't find profile directory.
console.warn: SearchSettings: "get: No settings file exists, new profile?" (new Error("", "(unknown module)"))
1604509145427	Marionette	INFO	Listening on port 53179
1604509146072	Marionette	WARN	TLS certificate errors will be ignored for this session
JavaScript warning: https://www.worldometers.info/coronavirus/, line 21887: unreachable code after return statement
JavaScript warning: https://www.worldometers.info/coronavirus/, line 21943: unreachable code after return statement
Can't find symbol 'eglSwapBuffersWithDamageEXT'.
1604509166134	Marionette	INFO	Stopped listening on port 53179

###!!! [Child][RunMessage] Error: Channel closing: too late to send/recv, messages will be lost


###!!! [Child][MessageChannel::SendAndWait] Error: Channel error: cannot send/recv

1604509177781	geckodriver	INFO	Listening on 127.0.0.1:53419
1604509180808	mozrunner::runner	INFO	Running command: "C:\\Program Files\\Mozilla Firefox\\firefox.exe" "--marionette" "-foreground" "-no-remote" "-profile" "C:\\Users\\gaspe\\AppData\\Local\\Temp\\rust_mozprofile6rsSVV"
Can't find symbol 'eglSwapBuffersWithDamageEXT'.
JavaScript error: resource://gre/modules/XULStore.jsm, line 66: Error: Can't find profile directory.
console.warn: SearchSettings: "get: No settings file exists, new profile?" (new Error("", "(unknown module)"))
1604509184479	Marionette	INFO	Listening on port 53428
1604509184835	Marionette	WARN	TLS certificate errors will be ignored for this session
JavaScript warning: https://www.worldometers.info/coronavirus/, line 21888: unreachable code after return statement
JavaScript warning: https://www.worldometers.info/coronavirus/, line 21944: unreachable code after return statement
1604509194338	Marionette	WARN	TimedPromise timed out after 500 ms: stacktrace:
TimedPromise/<@chrome://marionette/content/sync.js:228:19
TimedPromise@chrome://marionette/content/sync.js:213:10
interaction.flushEventLoop@chrome://marionette/content/interaction.js:418:10
webdriverClickElement@chrome://marionette/content/interaction.js:179:31
1604509195635	Marionette	WARN	TimedPromise timed out after 500 ms: stacktrace:
TimedPromise/<@chrome://marionette/content/sync.js:228:19
TimedPromise@chrome://marionette/content/sync.js:213:10
interaction.flushEventLoop@chrome://marionette/content/interaction.js:418:10
webdriverClickElement@chrome://marionette/content/interaction.js:179:31
1604509196067	Marionette	INFO	Stopped listening on port 53428

###!!! [Child][MessageChannel::SendAndWait] Error: Channel error: cannot send/recv

1604509221070	geckodriver	INFO	Listening on 127.0.0.1:53576
1604509224084	mozrunner::runner	INFO	Running command: "C:\\Program Files\\Mozilla Firefox\\firefox.exe" "--marionette" "-foreground" "-no-remote" "-profile" "C:\\Users\\gaspe\\AppData\\Local\\Temp\\rust_mozprofileViX4iq"
Can't find symbol 'eglSwapBuffersWithDamageEXT'.
JavaScript error: resource://gre/modules/XULStore.jsm, line 66: Error: Can't find profile directory.
console.warn: SearchSettings: "get: No settings file exists, new profile?" (new Error("", "(unknown module)"))
1604509227709	Marionette	INFO	Listening on port 53585
1604509227831	Marionette	WARN	TLS certificate errors will be ignored for this session
1604509415089	geckodriver	INFO	Listening on 127.0.0.1:53893
1604509418121	mozrunner::runner	INFO	Running command: "C:\\Program Files\\Mozilla Firefox\\firefox.exe" "--marionette" "-foreground" "-no-remote" "-profile" "C:\\Users\\gaspe\\AppData\\Local\\Temp\\rust_mozprofileKHvjAu"
Can't find symbol 'eglSwapBuffersWithDamageEXT'.
JavaScript error: resource://gre/modules/XULStore.jsm, line 66: Error: Can't find profile directory.
console.warn: SearchSettings: "get: No settings file exists, new profile?" (new Error("", "(unknown module)"))
1604509421134	Marionette	INFO	Listening on port 53902
1604509421314	Marionette	WARN	TLS certificate errors will be ignored for this session
JavaScript warning: https://www.worldometers.info/coronavirus/, line 21888: unreachable code after return statement
JavaScript warning: https://www.worldometers.info/coronavirus/, line 21944: unreachable code after return statement
1604509432711	Marionette	INFO	Stopped listening on port 53902

###!!! [Child][RunMessage] Error: Channel closing: too late to send/recv, messages will be lost


###!!! [Child][RunMessage] Error: Channel closing: too late to send/recv, messages will be lost


###!!! [Child][MessageChannel::SendAndWait] Error: Channel error: cannot send/recv

1604509519486	geckodriver	INFO	Listening on 127.0.0.1:54176
1604509522521	mozrunner::runner	INFO	Running command: "C:\\Program Files\\Mozilla Firefox\\firefox.exe" "--marionette" "-foreground" "-no-remote" "-profile" "C:\\Users\\gaspe\\AppData\\Local\\Temp\\rust_mozprofile6pE6Kf"
Can't find symbol 'eglSwapBuffersWithDamageEXT'.
JavaScript error: resource://gre/modules/XULStore.jsm, line 66: Error: Can't find profile directory.
console.warn: SearchSettings: "get: No settings file exists, new profile?" (new Error("", "(unknown module)"))
1604509525498	Marionette	INFO	Listening on port 54185
1604509525703	Marionette	WARN	TLS certificate errors will be ignored for this session
JavaScript warning: https://www.worldometers.info/coronavirus/, line 21886: unreachable code after return statement
JavaScript warning: https://www.worldometers.info/coronavirus/, line 21942: unreachable code after return statement
1604509533469	Marionette	INFO	Stopped listening on port 54185

###!!! [Child][RunMessage] Error: Channel closing: too late to send/recv, messages will be lost


###!!! [Child][MessageChannel::SendAndWait] Error: Channel error: cannot send/recv

1604509734736	geckodriver	INFO	Listening on 127.0.0.1:54499
1604509737776	mozrunner::runner	INFO	Running command: "C:\\Program Files\\Mozilla Firefox\\firefox.exe" "--marionette" "-foreground" "-no-remote" "-profile" "C:\\Users\\gaspe\\AppData\\Local\\Temp\\rust_mozprofileUq7h5F"
Can't find symbol 'eglSwapBuffersWithDamageEXT'.
JavaScript error: resource://gre/modules/XULStore.jsm, line 66: Error: Can't find profile directory.
console.warn: SearchSettings: "get: No settings file exists, new profile?" (new Error("", "(unknown module)"))
1604509740818	Marionette	INFO	Listening on port 54509
1604509740960	Marionette	WARN	TLS certificate errors will be ignored for this session
JavaScript warning: https://www.worldometers.info/coronavirus/, line 21887: unreachable code after return statement
JavaScript warning: https://www.worldometers.info/coronavirus/, line 21943: unreachable code after return statement
1604509754171	Marionette	INFO	Stopped listening on port 54509
Can't find symbol 'eglSwapBuffersWithDamageEXT'.

###!!! [Child][RunMessage] Error: Channel closing: too late to send/recv, messages will be lost


###!!! [Child][MessageChannel::SendAndWait] Error: Channel error: cannot send/recv

1604509837380	geckodriver	INFO	Listening on 127.0.0.1:54712
1604509840443	mozrunner::runner	INFO	Running command: "C:\\Program Files\\Mozilla Firefox\\firefox.exe" "--marionette" "-foreground" "-no-remote" "-profile" "C:\\Users\\gaspe\\AppData\\Local\\Temp\\rust_mozprofileJ1soVd"
Can't find symbol 'eglSwapBuffersWithDamageEXT'.
JavaScript error: resource://gre/modules/XULStore.jsm, line 66: Error: Can't find profile directory.
console.warn: SearchSettings: "get: No settings file exists, new profile?" (new Error("", "(unknown module)"))
1604509843496	Marionette	INFO	Listening on port 54721
1604509843644	Marionette	WARN	TLS certificate errors will be ignored for this session
JavaScript warning: https://www.worldometers.info/coronavirus/, line 21887: unreachable code after return statement
JavaScript warning: https://www.worldometers.info/coronavirus/, line 21943: unreachable code after return statement
1604509852337	Marionette	INFO	Stopped listening on port 54721
JavaScript error: resource://gre/modules/Sqlite.jsm, line 1031: Error: Sqlite.jsm has been shutdown. Cannot open connection to: C:\Users\gaspe\AppData\Local\Temp\rust_mozprofileJ1soVd\protections.sqlite

###!!! [Child][RunMessage] Error: Channel closing: too late to send/recv, messages will be lost


###!!! [Child][MessageChannel::SendAndWait] Error: Channel error: cannot send/recv

1604509862227	geckodriver	INFO	Listening on 127.0.0.1:54853
1604509865255	mozrunner::runner	INFO	Running command: "C:\\Program Files\\Mozilla Firefox\\firefox.exe" "--marionette" "-foreground" "-no-remote" "-profile" "C:\\Users\\gaspe\\AppData\\Local\\Temp\\rust_mozprofile3UfqGL"
Can't find symbol 'eglSwapBuffersWithDamageEXT'.
JavaScript error: resource://gre/modules/XULStore.jsm, line 66: Error: Can't find profile directory.
console.warn: SearchSettings: "get: No settings file exists, new profile?" (new Error("", "(unknown module)"))
1604509868398	Marionette	INFO	Listening on port 54863
1604509868450	Marionette	WARN	TLS certificate errors will be ignored for this session
JavaScript warning: https://www.worldometers.info/coronavirus/, line 21888: unreachable code after return statement
JavaScript warning: https://www.worldometers.info/coronavirus/, line 21944: unreachable code after return statement
1604509879741	Marionette	INFO	Stopped listening on port 54863

###!!! [Child][RunMessage] Error: Channel closing: too late to send/recv, messages will be lost


###!!! [Child][MessageChannel::SendAndWait] Error: Channel error: cannot send/recv

1604510188774	geckodriver	INFO	Listening on 127.0.0.1:55261
1604510191818	mozrunner::runner	INFO	Running command: "C:\\Program Files\\Mozilla Firefox\\firefox.exe" "--marionette" "-foreground" "-no-remote" "-profile" "C:\\Users\\gaspe\\AppData\\Local\\Temp\\rust_mozprofilewfE1ZP"
Can't find symbol 'eglSwapBuffersWithDamageEXT'.
JavaScript error: resource://gre/modules/XULStore.jsm, line 66: Error: Can't find profile directory.
console.warn: SearchSettings: "get: No settings file exists, new profile?" (new Error("", "(unknown module)"))
1604510195644	Marionette	INFO	Listening on port 55272
1604510196015	Marionette	WARN	TLS certificate errors will be ignored for this session

###!!! [Child][RunMessage] Error: Channel closing: too late to send/recv, messages will be lost


###!!! [Child][RunMessage] Error: Channel closing: too late to send/recv, messages will be lost


###!!! [Child][RunMessage] Error: Channel closing: too late to send/recv, messages will be lost

JavaScript warning: https://www.worldometers.info/coronavirus/, line 21887: unreachable code after return statement
JavaScript warning: https://www.worldometers.info/coronavirus/, line 21943: unreachable code after return statement
1604510206787	Marionette	INFO	Stopped listening on port 55272

###!!! [Child][RunMessage] Error: Channel closing: too late to send/recv, messages will be lost


###!!! [Child][RunMessage] Error: Channel closing: too late to send/recv, messages will be lost


###!!! [Child][MessageChannel::SendAndWait] Error: Channel error: cannot send/recv

1604510467565	geckodriver	INFO	Listening on 127.0.0.1:55644
1604510470604	mozrunner::runner	INFO	Running command: "C:\\Program Files\\Mozilla Firefox\\firefox.exe" "--marionette" "-foreground" "-no-remote" "-profile" "C:\\Users\\gaspe\\AppData\\Local\\Temp\\rust_mozprofileRYJrvN"
Can't find symbol 'eglSwapBuffersWithDamageEXT'.
JavaScript error: resource://gre/modules/XULStore.jsm, line 66: Error: Can't find profile directory.
console.warn: SearchSettings: "get: No settings file exists, new profile?" (new Error("", "(unknown module)"))
1604510473594	Marionette	INFO	Listening on port 55654
1604510473791	Marionette	WARN	TLS certificate errors will be ignored for this session
console.error: Region.jsm: "Error fetching region" (new AbortError("The operation was aborted. ", (void 0), 697))
console.error: Region.jsm: "Failed to fetch region" (new Error("NO_RESULT", "resource://gre/modules/Region.jsm", 351))
JavaScript warning: https://www.worldometers.info/coronavirus/, line 21888: unreachable code after return statement
JavaScript warning: https://www.worldometers.info/coronavirus/, line 21944: unreachable code after return statement
JavaScript error: https://a.pub.network/worldometers-info/pubfig.min.js, line 1: SyntaxError: JSON.parse: unexpected end of data at line 1 column 1 of the JSON data
1604510638558	Marionette	WARN	TimedPromise timed out after 500 ms: stacktrace:
TimedPromise/<@chrome://marionette/content/sync.js:228:19
TimedPromise@chrome://marionette/content/sync.js:213:10
interaction.flushEventLoop@chrome://marionette/content/interaction.js:418:10
webdriverClickElement@chrome://marionette/content/interaction.js:179:31
1604510638833	Marionette	INFO	Stopped listening on port 55654

###!!! [Child][RunMessage] Error: Channel closing: too late to send/recv, messages will be lost


###!!! [Child][MessageChannel::SendAndWait] Error: Channel error: cannot send/recv

1604510672183	geckodriver	INFO	Listening on 127.0.0.1:61563
1604510675219	mozrunner::runner	INFO	Running command: "C:\\Program Files\\Mozilla Firefox\\firefox.exe" "--marionette" "-foreground" "-no-remote" "-profile" "C:\\Users\\gaspe\\AppData\\Local\\Temp\\rust_mozprofilezEL45d"
Can't find symbol 'eglSwapBuffersWithDamageEXT'.
JavaScript error: resource://gre/modules/XULStore.jsm, line 66: Error: Can't find profile directory.
console.warn: SearchSettings: "get: No settings file exists, new profile?" (new Error("", "(unknown module)"))
1604510678414	Marionette	INFO	Listening on port 61576
1604510678929	Marionette	WARN	TLS certificate errors will be ignored for this session
JavaScript warning: https://www.worldometers.info/coronavirus/, line 21886: unreachable code after return statement
JavaScript warning: https://www.worldometers.info/coronavirus/, line 21942: unreachable code after return statement
Can't find symbol 'eglSwapBuffersWithDamageEXT'.
1604510689377	Marionette	WARN	TimedPromise timed out after 500 ms: stacktrace:
TimedPromise/<@chrome://marionette/content/sync.js:228:19
TimedPromise@chrome://marionette/content/sync.js:213:10
interaction.flushEventLoop@chrome://marionette/content/interaction.js:418:10
webdriverClickElement@chrome://marionette/content/interaction.js:179:31
1604510690093	Marionette	WARN	TimedPromise timed out after 500 ms: stacktrace:
TimedPromise/<@chrome://marionette/content/sync.js:228:19
TimedPromise@chrome://marionette/content/sync.js:213:10
interaction.flushEventLoop@chrome://marionette/content/interaction.js:418:10
webdriverClickElement@chrome://marionette/content/interaction.js:179:31
1604510690352	Marionette	INFO	Stopped listening on port 61576

###!!! [Child][RunMessage] Error: Channel closing: too late to send/recv, messages will be lost


###!!! [Child][MessageChannel::SendAndWait] Error: Channel error: cannot send/recv

1604511699055	geckodriver	INFO	Listening on 127.0.0.1:62342
1604511702083	mozrunner::runner	INFO	Running command: "C:\\Program Files\\Mozilla Firefox\\firefox.exe" "--marionette" "-foreground" "-no-remote" "-profile" "C:\\Users\\gaspe\\AppData\\Local\\Temp\\rust_mozprofileiibpzA"
Can't find symbol 'eglSwapBuffersWithDamageEXT'.
JavaScript error: resource://gre/modules/XULStore.jsm, line 66: Error: Can't find profile directory.
console.warn: SearchSettings: "get: No settings file exists, new profile?" (new Error("", "(unknown module)"))
1604511705826	Marionette	INFO	Listening on port 62351
1604511706292	Marionette	WARN	TLS certificate errors will be ignored for this session
JavaScript warning: https://www.worldometers.info/coronavirus/, line 21886: unreachable code after return statement
JavaScript warning: https://www.worldometers.info/coronavirus/, line 21942: unreachable code after return statement
Can't find symbol 'eglSwapBuffersWithDamageEXT'.
1604511715897	Marionette	WARN	TimedPromise timed out after 500 ms: stacktrace:
TimedPromise/<@chrome://marionette/content/sync.js:228:19
TimedPromise@chrome://marionette/content/sync.js:213:10
interaction.flushEventLoop@chrome://marionette/content/interaction.js:418:10
webdriverClickElement@chrome://marionette/content/interaction.js:179:31
1604511716616	Marionette	WARN	TimedPromise timed out after 500 ms: stacktrace:
TimedPromise/<@chrome://marionette/content/sync.js:228:19
TimedPromise@chrome://marionette/content/sync.js:213:10
interaction.flushEventLoop@chrome://marionette/content/interaction.js:418:10
webdriverClickElement@chrome://marionette/content/interaction.js:179:31
1604511716888	Marionette	INFO	Stopped listening on port 62351
[Parent 19552, Gecko_IOThread] WARNING: file /builds/worker/checkouts/gecko/ipc/chromium/src/base/process_util_win.cc, line 166

###!!! [Child][MessageChannel] Error: (msgtype=0x380144,name=PContent::Msg_ScriptError) Channel closing: too late to send/recv, messages will be lost


###!!! [Child][RunMessage] Error: Channel closing: too late to send/recv, messages will be lost


###!!! [Child][MessageChannel::SendAndWait] Error: Channel error: cannot send/recv

1604511752571	geckodriver	INFO	Listening on 127.0.0.1:62492
1604511755602	mozrunner::runner	INFO	Running command: "C:\\Program Files\\Mozilla Firefox\\firefox.exe" "--marionette" "-foreground" "-no-remote" "-profile" "C:\\Users\\gaspe\\AppData\\Local\\Temp\\rust_mozprofilencEUJI"
Can't find symbol 'eglSwapBuffersWithDamageEXT'.
JavaScript error: resource://gre/modules/XULStore.jsm, line 66: Error: Can't find profile directory.
console.warn: SearchSettings: "get: No settings file exists, new profile?" (new Error("", "(unknown module)"))
1604511758816	Marionette	INFO	Listening on port 62501
1604511759276	Marionette	WARN	TLS certificate errors will be ignored for this session
JavaScript warning: https://www.worldometers.info/coronavirus/, line 21886: unreachable code after return statement
JavaScript warning: https://www.worldometers.info/coronavirus/, line 21942: unreachable code after return statement
Can't find symbol 'eglSwapBuffersWithDamageEXT'.
1604511774069	Marionette	WARN	TimedPromise timed out after 500 ms: stacktrace:
TimedPromise/<@chrome://marionette/content/sync.js:228:19
TimedPromise@chrome://marionette/content/sync.js:213:10
interaction.flushEventLoop@chrome://marionette/content/interaction.js:418:10
webdriverClickElement@chrome://marionette/content/interaction.js:179:31
1604511774798	Marionette	WARN	TimedPromise timed out after 500 ms: stacktrace:
TimedPromise/<@chrome://marionette/content/sync.js:228:19
TimedPromise@chrome://marionette/content/sync.js:213:10
interaction.flushEventLoop@chrome://marionette/content/interaction.js:418:10
webdriverClickElement@chrome://marionette/content/interaction.js:179:31
1604511775052	Marionette	INFO	Stopped listening on port 62501

###!!! [Child][RunMessage] Error: Channel closing: too late to send/recv, messages will be lost


###!!! [Child][RunMessage] Error: Channel closing: too late to send/recv, messages will be lost


###!!! [Child][RunMessage] Error: Channel closing: too late to send/recv, messages will be lost


###!!! [Child][RunMessage] Error: Channel closing: too late to send/recv, messages will be lost


###!!! [Child][MessageChannel::SendAndWait] Error: Channel error: cannot send/recv

1604511826313	geckodriver	INFO	Listening on 127.0.0.1:62726
1604511829357	mozrunner::runner	INFO	Running command: "C:\\Program Files\\Mozilla Firefox\\firefox.exe" "--marionette" "-foreground" "-no-remote" "-profile" "C:\\Users\\gaspe\\AppData\\Local\\Temp\\rust_mozprofilea6Gsbi"
Can't find symbol 'eglSwapBuffersWithDamageEXT'.
JavaScript error: resource://gre/modules/XULStore.jsm, line 66: Error: Can't find profile directory.
console.warn: SearchSettings: "get: No settings file exists, new profile?" (new Error("", "(unknown module)"))
1604511832408	Marionette	INFO	Listening on port 62735
1604511832566	Marionette	WARN	TLS certificate errors will be ignored for this session
JavaScript warning: https://www.worldometers.info/coronavirus/, line 21887: unreachable code after return statement
JavaScript warning: https://www.worldometers.info/coronavirus/, line 21943: unreachable code after return statement
Can't find symbol 'eglSwapBuffersWithDamageEXT'.
1604511842266	Marionette	WARN	TimedPromise timed out after 500 ms: stacktrace:
TimedPromise/<@chrome://marionette/content/sync.js:228:19
TimedPromise@chrome://marionette/content/sync.js:213:10
interaction.flushEventLoop@chrome://marionette/content/interaction.js:418:10
webdriverClickElement@chrome://marionette/content/interaction.js:179:31
1604511843002	Marionette	WARN	TimedPromise timed out after 500 ms: stacktrace:
TimedPromise/<@chrome://marionette/content/sync.js:228:19
TimedPromise@chrome://marionette/content/sync.js:213:10
interaction.flushEventLoop@chrome://marionette/content/interaction.js:418:10
webdriverClickElement@chrome://marionette/content/interaction.js:179:31
1604511843278	Marionette	INFO	Stopped listening on port 62735

###!!! [Child][MessageChannel] Error: (msgtype=0x690027,name=PNecko::Msg_RemoveRequestContext) Channel closing: too late to send/recv, messages will be lost


###!!! [Child][RunMessage] Error: Channel closing: too late to send/recv, messages will be lost


###!!! [Child][RunMessage] Error: Channel closing: too late to send/recv, messages will be lost


###!!! [Child][RunMessage] Error: Channel closing: too late to send/recv, messages will be lost


###!!! [Child][RunMessage] Error: Channel closing: too late to send/recv, messages will be lost


###!!! [Child][RunMessage] Error: Channel closing: too late to send/recv, messages will be lost


###!!! [Child][RunMessage] Error: Channel closing: too late to send/recv, messages will be lost


###!!! [Child][MessageChannel::SendAndWait] Error: Channel error: cannot send/recv

1604511863144	geckodriver	INFO	Listening on 127.0.0.1:62877
1604511866187	mozrunner::runner	INFO	Running command: "C:\\Program Files\\Mozilla Firefox\\firefox.exe" "--marionette" "-foreground" "-no-remote" "-profile" "C:\\Users\\gaspe\\AppData\\Local\\Temp\\rust_mozprofileYAf1bL"
Can't find symbol 'eglSwapBuffersWithDamageEXT'.
JavaScript error: resource://gre/modules/XULStore.jsm, line 66: Error: Can't find profile directory.
console.warn: SearchSettings: "get: No settings file exists, new profile?" (new Error("", "(unknown module)"))
1604511869348	Marionette	INFO	Listening on port 62886
1604511869389	Marionette	WARN	TLS certificate errors will be ignored for this session
JavaScript warning: https://www.worldometers.info/coronavirus/, line 21885: unreachable code after return statement
JavaScript warning: https://www.worldometers.info/coronavirus/, line 21941: unreachable code after return statement
Can't find symbol 'eglSwapBuffersWithDamageEXT'.
1604511878004	Marionette	WARN	TimedPromise timed out after 500 ms: stacktrace:
TimedPromise/<@chrome://marionette/content/sync.js:228:19
TimedPromise@chrome://marionette/content/sync.js:213:10
interaction.flushEventLoop@chrome://marionette/content/interaction.js:418:10
webdriverClickElement@chrome://marionette/content/interaction.js:179:31
1604511878744	Marionette	WARN	TimedPromise timed out after 500 ms: stacktrace:
TimedPromise/<@chrome://marionette/content/sync.js:228:19
TimedPromise@chrome://marionette/content/sync.js:213:10
interaction.flushEventLoop@chrome://marionette/content/interaction.js:418:10
webdriverClickElement@chrome://marionette/content/interaction.js:179:31
1604511879031	Marionette	INFO	Stopped listening on port 62886

###!!! [Child][RunMessage] Error: Channel closing: too late to send/recv, messages will be lost


###!!! [Child][MessageChannel::SendAndWait] Error: Channel error: cannot send/recv

1604512136573	geckodriver	INFO	Listening on 127.0.0.1:63328
1604512139605	mozrunner::runner	INFO	Running command: "C:\\Program Files\\Mozilla Firefox\\firefox.exe" "--marionette" "-foreground" "-no-remote" "-profile" "C:\\Users\\gaspe\\AppData\\Local\\Temp\\rust_mozprofilelD1TOf"
Can't find symbol 'eglSwapBuffersWithDamageEXT'.
JavaScript error: resource://gre/modules/XULStore.jsm, line 66: Error: Can't find profile directory.
console.warn: SearchSettings: "get: No settings file exists, new profile?" (new Error("", "(unknown module)"))
1604512143354	Marionette	INFO	Listening on port 63337
1604512143769	Marionette	WARN	TLS certificate errors will be ignored for this session
JavaScript warning: https://www.worldometers.info/coronavirus/, line 21888: unreachable code after return statement
JavaScript warning: https://www.worldometers.info/coronavirus/, line 21944: unreachable code after return statement
Can't find symbol 'eglSwapBuffersWithDamageEXT'.
1604512155638	Marionette	WARN	TimedPromise timed out after 500 ms: stacktrace:
TimedPromise/<@chrome://marionette/content/sync.js:228:19
TimedPromise@chrome://marionette/content/sync.js:213:10
interaction.flushEventLoop@chrome://marionette/content/interaction.js:418:10
webdriverClickElement@chrome://marionette/content/interaction.js:179:31
1604512156508	Marionette	WARN	TimedPromise timed out after 500 ms: stacktrace:
TimedPromise/<@chrome://marionette/content/sync.js:228:19
TimedPromise@chrome://marionette/content/sync.js:213:10
interaction.flushEventLoop@chrome://marionette/content/interaction.js:418:10
webdriverClickElement@chrome://marionette/content/interaction.js:179:31
1604512156866	Marionette	INFO	Stopped listening on port 63337

###!!! [Child][RunMessage] Error: Channel closing: too late to send/recv, messages will be lost


###!!! [Child][RunMessage] Error: Channel closing: too late to send/recv, messages will be lost


###!!! [Child][MessageChannel::SendAndWait] Error: Channel error: cannot send/recv

1604512180745	geckodriver	INFO	Listening on 127.0.0.1:63470
1604512183792	mozrunner::runner	INFO	Running command: "C:\\Program Files\\Mozilla Firefox\\firefox.exe" "--marionette" "-foreground" "-no-remote" "-profile" "C:\\Users\\gaspe\\AppData\\Local\\Temp\\rust_mozprofileS76rO3"
Can't find symbol 'eglSwapBuffersWithDamageEXT'.
JavaScript error: resource://gre/modules/XULStore.jsm, line 66: Error: Can't find profile directory.
console.warn: SearchSettings: "get: No settings file exists, new profile?" (new Error("", "(unknown module)"))
1604512186861	Marionette	INFO	Listening on port 63479
1604512187000	Marionette	WARN	TLS certificate errors will be ignored for this session
JavaScript warning: https://www.worldometers.info/coronavirus/, line 21886: unreachable code after return statement
JavaScript warning: https://www.worldometers.info/coronavirus/, line 21942: unreachable code after return statement
Can't find symbol 'eglSwapBuffersWithDamageEXT'.
1604512196471	Marionette	WARN	TimedPromise timed out after 500 ms: stacktrace:
TimedPromise/<@chrome://marionette/content/sync.js:228:19
TimedPromise@chrome://marionette/content/sync.js:213:10
interaction.flushEventLoop@chrome://marionette/content/interaction.js:418:10
webdriverClickElement@chrome://marionette/content/interaction.js:179:31
1604512197198	Marionette	WARN	TimedPromise timed out after 500 ms: stacktrace:
TimedPromise/<@chrome://marionette/content/sync.js:228:19
TimedPromise@chrome://marionette/content/sync.js:213:10
interaction.flushEventLoop@chrome://marionette/content/interaction.js:418:10
webdriverClickElement@chrome://marionette/content/interaction.js:179:31
1604512197467	Marionette	INFO	Stopped listening on port 63479

###!!! [Child][RunMessage] Error: Channel closing: too late to send/recv, messages will be lost


###!!! [Child][RunMessage] Error: Channel closing: too late to send/recv, messages will be lost


###!!! [Child][MessageChannel::SendAndWait] Error: Channel error: cannot send/recv

1604512216925	geckodriver	INFO	Listening on 127.0.0.1:63610
1604512219975	mozrunner::runner	INFO	Running command: "C:\\Program Files\\Mozilla Firefox\\firefox.exe" "--marionette" "-foreground" "-no-remote" "-profile" "C:\\Users\\gaspe\\AppData\\Local\\Temp\\rust_mozprofileelHATc"
Can't find symbol 'eglSwapBuffersWithDamageEXT'.
JavaScript error: resource://gre/modules/XULStore.jsm, line 66: Error: Can't find profile directory.
console.warn: SearchSettings: "get: No settings file exists, new profile?" (new Error("", "(unknown module)"))
1604512223079	Marionette	INFO	Listening on port 63619
1604512223179	Marionette	WARN	TLS certificate errors will be ignored for this session
JavaScript warning: https://www.worldometers.info/coronavirus/, line 21885: unreachable code after return statement
JavaScript warning: https://www.worldometers.info/coronavirus/, line 21941: unreachable code after return statement
JavaScript error: resource://gre/modules/XULStore.jsm, line 66: Error: Can't find profile directory.
JavaScript error: resource://gre/modules/XULStore.jsm, line 66: Error: Can't find profile directory.
JavaScript error: resource://gre/modules/XULStore.jsm, line 66: Error: Can't find profile directory.
JavaScript error: resource://gre/modules/XULStore.jsm, line 66: Error: Can't find profile directory.
JavaScript error: resource://gre/modules/XULStore.jsm, line 66: Error: Can't find profile directory.
Can't find symbol 'eglSwapBuffersWithDamageEXT'.
1604512234256	Marionette	WARN	TimedPromise timed out after 500 ms: stacktrace:
TimedPromise/<@chrome://marionette/content/sync.js:228:19
TimedPromise@chrome://marionette/content/sync.js:213:10
interaction.flushEventLoop@chrome://marionette/content/interaction.js:418:10
webdriverClickElement@chrome://marionette/content/interaction.js:179:31
1604512235241	Marionette	WARN	TimedPromise timed out after 500 ms: stacktrace:
TimedPromise/<@chrome://marionette/content/sync.js:228:19
TimedPromise@chrome://marionette/content/sync.js:213:10
interaction.flushEventLoop@chrome://marionette/content/interaction.js:418:10
webdriverClickElement@chrome://marionette/content/interaction.js:179:31
1604512235560	Marionette	INFO	Stopped listening on port 63619

###!!! [Child][RunMessage] Error: Channel closing: too late to send/recv, messages will be lost


###!!! [Child][MessageChannel::SendAndWait] Error: Channel error: cannot send/recv

1604512246487	geckodriver	INFO	Listening on 127.0.0.1:63732
1604512249521	mozrunner::runner	INFO	Running command: "C:\\Program Files\\Mozilla Firefox\\firefox.exe" "--marionette" "-foreground" "-no-remote" "-profile" "C:\\Users\\gaspe\\AppData\\Local\\Temp\\rust_mozprofilebPsmb6"
Can't find symbol 'eglSwapBuffersWithDamageEXT'.
JavaScript error: resource://gre/modules/XULStore.jsm, line 66: Error: Can't find profile directory.
console.warn: SearchSettings: "get: No settings file exists, new profile?" (new Error("", "(unknown module)"))
1604512252642	Marionette	INFO	Listening on port 63741
1604512252684	Marionette	WARN	TLS certificate errors will be ignored for this session
JavaScript warning: https://www.worldometers.info/coronavirus/, line 21888: unreachable code after return statement
JavaScript warning: https://www.worldometers.info/coronavirus/, line 21944: unreachable code after return statement
Can't find symbol 'eglSwapBuffersWithDamageEXT'.
1604512259982	Marionette	WARN	TimedPromise timed out after 500 ms: stacktrace:
TimedPromise/<@chrome://marionette/content/sync.js:228:19
TimedPromise@chrome://marionette/content/sync.js:213:10
interaction.flushEventLoop@chrome://marionette/content/interaction.js:418:10
webdriverClickElement@chrome://marionette/content/interaction.js:179:31
1604512260723	Marionette	WARN	TimedPromise timed out after 500 ms: stacktrace:
TimedPromise/<@chrome://marionette/content/sync.js:228:19
TimedPromise@chrome://marionette/content/sync.js:213:10
interaction.flushEventLoop@chrome://marionette/content/interaction.js:418:10
webdriverClickElement@chrome://marionette/content/interaction.js:179:31
1604512261032	Marionette	INFO	Stopped listening on port 63741

###!!! [Child][RunMessage] Error: Channel closing: too late to send/recv, messages will be lost


###!!! [Child][RunMessage] Error: Channel closing: too late to send/recv, messages will be lost


###!!! [Child][RunMessage] Error: Channel closing: too late to send/recv, messages will be lost


###!!! [Child][RunMessage] Error: Channel closing: too late to send/recv, messages will be lost


###!!! [Child][RunMessage] Error: Channel closing: too late to send/recv, messages will be lost


###!!! [Child][RunMessage] Error: Channel closing: too late to send/recv, messages will be lost


###!!! [Child][MessageChannel::SendAndWait] Error: Channel error: cannot send/recv

1604512271676	geckodriver	INFO	Listening on 127.0.0.1:63862
1604512274741	mozrunner::runner	INFO	Running command: "C:\\Program Files\\Mozilla Firefox\\firefox.exe" "--marionette" "-foreground" "-no-remote" "-profile" "C:\\Users\\gaspe\\AppData\\Local\\Temp\\rust_mozprofileW9x94r"
Can't find symbol 'eglSwapBuffersWithDamageEXT'.
JavaScript error: resource://gre/modules/XULStore.jsm, line 66: Error: Can't find profile directory.
console.warn: SearchSettings: "get: No settings file exists, new profile?" (new Error("", "(unknown module)"))
1604512278087	Marionette	INFO	Listening on port 63871
1604512278460	Marionette	WARN	TLS certificate errors will be ignored for this session
JavaScript warning: https://www.worldometers.info/coronavirus/, line 21886: unreachable code after return statement
JavaScript warning: https://www.worldometers.info/coronavirus/, line 21942: unreachable code after return statement
Can't find symbol 'eglSwapBuffersWithDamageEXT'.
1604512287916	Marionette	WARN	TimedPromise timed out after 500 ms: stacktrace:
TimedPromise/<@chrome://marionette/content/sync.js:228:19
TimedPromise@chrome://marionette/content/sync.js:213:10
interaction.flushEventLoop@chrome://marionette/content/interaction.js:418:10
webdriverClickElement@chrome://marionette/content/interaction.js:179:31
1604512288658	Marionette	WARN	TimedPromise timed out after 500 ms: stacktrace:
TimedPromise/<@chrome://marionette/content/sync.js:228:19
TimedPromise@chrome://marionette/content/sync.js:213:10
interaction.flushEventLoop@chrome://marionette/content/interaction.js:418:10
webdriverClickElement@chrome://marionette/content/interaction.js:179:31
1604512288925	Marionette	INFO	Stopped listening on port 63871
[Child 1784, Chrome_ChildThread] WARNING: pipe error: 232: file /builds/worker/checkouts/gecko/ipc/chromium/src/chrome/common/ipc_channel_win.cc, line 545

###!!! [Child][MessageChannel] Error: (msgtype=0x690027,name=PNecko::Msg_RemoveRequestContext) Channel closing: too late to send/recv, messages will be lost


###!!! [Child][RunMessage] Error: Channel closing: too late to send/recv, messages will be lost


###!!! [Child][RunMessage] Error: Channel closing: too late to send/recv, messages will be lost


###!!! [Child][RunMessage] Error: Channel closing: too late to send/recv, messages will be lost


###!!! [Child][RunMessage] Error: Channel closing: too late to send/recv, messages will be lost


###!!! [Child][RunMessage] Error: Channel closing: too late to send/recv, messages will be lost


###!!! [Child][RunMessage] Error: Channel closing: too late to send/recv, messages will be lost


###!!! [Child][RunMessage] Error: Channel closing: too late to send/recv, messages will be lost


###!!! [Child][MessageChannel::SendAndWait] Error: Channel error: cannot send/recv

1604512305974	geckodriver	INFO	Listening on 127.0.0.1:64000
1604512309018	mozrunner::runner	INFO	Running command: "C:\\Program Files\\Mozilla Firefox\\firefox.exe" "--marionette" "-foreground" "-no-remote" "-profile" "C:\\Users\\gaspe\\AppData\\Local\\Temp\\rust_mozprofilehAYvtd"
Can't find symbol 'eglSwapBuffersWithDamageEXT'.
JavaScript error: resource://gre/modules/XULStore.jsm, line 66: Error: Can't find profile directory.
console.warn: SearchSettings: "get: No settings file exists, new profile?" (new Error("", "(unknown module)"))
1604512312027	Marionette	INFO	Listening on port 64009
1604512312207	Marionette	WARN	TLS certificate errors will be ignored for this session
JavaScript warning: https://www.worldometers.info/coronavirus/, line 21888: unreachable code after return statement
JavaScript warning: https://www.worldometers.info/coronavirus/, line 21944: unreachable code after return statement
Can't find symbol 'eglSwapBuffersWithDamageEXT'.
1604512322402	Marionette	WARN	TimedPromise timed out after 500 ms: stacktrace:
TimedPromise/<@chrome://marionette/content/sync.js:228:19
TimedPromise@chrome://marionette/content/sync.js:213:10
interaction.flushEventLoop@chrome://marionette/content/interaction.js:418:10
webdriverClickElement@chrome://marionette/content/interaction.js:179:31
1604512323126	Marionette	WARN	TimedPromise timed out after 500 ms: stacktrace:
TimedPromise/<@chrome://marionette/content/sync.js:228:19
TimedPromise@chrome://marionette/content/sync.js:213:10
interaction.flushEventLoop@chrome://marionette/content/interaction.js:418:10
webdriverClickElement@chrome://marionette/content/interaction.js:179:31
1604512323405	Marionette	INFO	Stopped listening on port 64009
[Child 10888, Chrome_ChildThread] WARNING: pipe error: 232: file /builds/worker/checkouts/gecko/ipc/chromium/src/chrome/common/ipc_channel_win.cc, line 545

###!!! [Child][RunMessage] Error: Channel closing: too late to send/recv, messages will be lost


###!!! [Child][MessageChannel::SendAndWait] Error: Channel error: cannot send/recv

1604521694473	geckodriver	INFO	Listening on 127.0.0.1:55404
1604521697505	mozrunner::runner	INFO	Running command: "C:\\Program Files\\Mozilla Firefox\\firefox.exe" "--marionette" "-foreground" "-no-remote" "-profile" "C:\\Users\\gaspe\\AppData\\Local\\Temp\\rust_mozprofileDwjZgo"
Can't find symbol 'eglSwapBuffersWithDamageEXT'.
JavaScript error: resource://gre/modules/XULStore.jsm, line 66: Error: Can't find profile directory.
console.warn: SearchSettings: "get: No settings file exists, new profile?" (new Error("", "(unknown module)"))
1604521700373	Marionette	INFO	Listening on port 55413
1604521700692	Marionette	WARN	TLS certificate errors will be ignored for this session
JavaScript warning: https://www.worldometers.info/coronavirus/, line 17683: unreachable code after return statement
JavaScript warning: https://www.worldometers.info/coronavirus/, line 17739: unreachable code after return statement
Can't find symbol 'eglSwapBuffersWithDamageEXT'.
1604521707321	Marionette	WARN	TimedPromise timed out after 500 ms: stacktrace:
TimedPromise/<@chrome://marionette/content/sync.js:228:19
TimedPromise@chrome://marionette/content/sync.js:213:10
interaction.flushEventLoop@chrome://marionette/content/interaction.js:418:10
webdriverClickElement@chrome://marionette/content/interaction.js:179:31
1604521708133	Marionette	WARN	TimedPromise timed out after 500 ms: stacktrace:
TimedPromise/<@chrome://marionette/content/sync.js:228:19
TimedPromise@chrome://marionette/content/sync.js:213:10
interaction.flushEventLoop@chrome://marionette/content/interaction.js:418:10
webdriverClickElement@chrome://marionette/content/interaction.js:179:31
1604521708634	Marionette	INFO	Stopped listening on port 55413

###!!! [Child][RunMessage] Error: Channel closing: too late to send/recv, messages will be lost


###!!! [Child][RunMessage] Error: Channel closing: too late to send/recv, messages will be lost


###!!! [Child][RunMessage] Error: Channel closing: too late to send/recv, messages will be lost


###!!! [Child][RunMessage] Error: Channel closing: too late to send/recv, messages will be lost


###!!! [Child][MessageChannel::SendAndWait] Error: Channel error: cannot send/recv

1604523562447	geckodriver	INFO	Listening on 127.0.0.1:54085
1604523565470	mozrunner::runner	INFO	Running command: "C:\\Program Files\\Mozilla Firefox\\firefox.exe" "--marionette" "-foreground" "-no-remote" "-profile" "C:\\Users\\gaspe\\AppData\\Local\\Temp\\rust_mozprofile8zFd6K"
Can't find symbol 'eglSwapBuffersWithDamageEXT'.
JavaScript error: resource://gre/modules/XULStore.jsm, line 66: Error: Can't find profile directory.
console.warn: SearchSettings: "get: No settings file exists, new profile?" (new Error("", "(unknown module)"))
1604523568504	Marionette	INFO	Listening on port 54094
1604523568651	Marionette	WARN	TLS certificate errors will be ignored for this session
1604523664804	Marionette	INFO	Stopped listening on port 54094

###!!! [Child][RunMessage] Error: Channel closing: too late to send/recv, messages will be lost


###!!! [Child][MessageChannel::SendAndWait] Error: Channel error: cannot send/recv

1604523670163	geckodriver	INFO	Listening on 127.0.0.1:54205
1604523673202	mozrunner::runner	INFO	Running command: "C:\\Program Files\\Mozilla Firefox\\firefox.exe" "--marionette" "-foreground" "-no-remote" "-profile" "C:\\Users\\gaspe\\AppData\\Local\\Temp\\rust_mozprofileEycfxY"
Can't find symbol 'eglSwapBuffersWithDamageEXT'.
JavaScript error: resource://gre/modules/XULStore.jsm, line 66: Error: Can't find profile directory.
console.warn: SearchSettings: "get: No settings file exists, new profile?" (new Error("", "(unknown module)"))
1604523676148	Marionette	INFO	Listening on port 54215
1604523676389	Marionette	WARN	TLS certificate errors will be ignored for this session
JavaScript warning: https://www.worldometers.info/coronavirus/, line 21886: unreachable code after return statement
JavaScript warning: https://www.worldometers.info/coronavirus/, line 21942: unreachable code after return statement
Can't find symbol 'eglSwapBuffersWithDamageEXT'.
1604523685710	Marionette	WARN	TimedPromise timed out after 500 ms: stacktrace:
TimedPromise/<@chrome://marionette/content/sync.js:228:19
TimedPromise@chrome://marionette/content/sync.js:213:10
interaction.flushEventLoop@chrome://marionette/content/interaction.js:418:10
webdriverClickElement@chrome://marionette/content/interaction.js:179:31
1604523686438	Marionette	WARN	TimedPromise timed out after 500 ms: stacktrace:
TimedPromise/<@chrome://marionette/content/sync.js:228:19
TimedPromise@chrome://marionette/content/sync.js:213:10
interaction.flushEventLoop@chrome://marionette/content/interaction.js:418:10
webdriverClickElement@chrome://marionette/content/interaction.js:179:31
1604523686693	Marionette	INFO	Stopped listening on port 54215

###!!! [Child][RunMessage] Error: Channel closing: too late to send/recv, messages will be lost


###!!! [Child][MessageChannel::SendAndWait] Error: Channel error: cannot send/recv

1604587825612	geckodriver	INFO	Listening on 127.0.0.1:60151
1604587828639	mozrunner::runner	INFO	Running command: "C:\\Program Files\\Mozilla Firefox\\firefox.exe" "--marionette" "-foreground" "-no-remote" "-profile" "C:\\Users\\gaspe\\AppData\\Local\\Temp\\rust_mozprofileVCZVIE"
Can't find symbol 'eglSwapBuffersWithDamageEXT'.
JavaScript error: resource://gre/modules/XULStore.jsm, line 66: Error: Can't find profile directory.
console.warn: SearchSettings: "get: No settings file exists, new profile?" (new Error("", "(unknown module)"))
1604587831762	Marionette	INFO	Listening on port 60163
1604587831840	Marionette	WARN	TLS certificate errors will be ignored for this session
JavaScript warning: https://www.worldometers.info/coronavirus/, line 21884: unreachable code after return statement
JavaScript warning: https://www.worldometers.info/coronavirus/, line 21940: unreachable code after return statement
Can't find symbol 'eglSwapBuffersWithDamageEXT'.
1604587840382	Marionette	WARN	TimedPromise timed out after 500 ms: stacktrace:
TimedPromise/<@chrome://marionette/content/sync.js:228:19
TimedPromise@chrome://marionette/content/sync.js:213:10
interaction.flushEventLoop@chrome://marionette/content/interaction.js:418:10
webdriverClickElement@chrome://marionette/content/interaction.js:179:31
1604587841103	Marionette	WARN	TimedPromise timed out after 500 ms: stacktrace:
TimedPromise/<@chrome://marionette/content/sync.js:228:19
TimedPromise@chrome://marionette/content/sync.js:213:10
interaction.flushEventLoop@chrome://marionette/content/interaction.js:418:10
webdriverClickElement@chrome://marionette/content/interaction.js:179:31
1604587841358	Marionette	INFO	Stopped listening on port 60163

###!!! [Child][MessageChannel] Error: (msgtype=0x380144,name=PContent::Msg_ScriptError) Channel closing: too late to send/recv, messages will be lost


###!!! [Child][MessageChannel] Error: (msgtype=0x380144,name=PContent::Msg_ScriptError) Channel closing: too late to send/recv, messages will be lost


###!!! [Child][RunMessage] Error: Channel closing: too late to send/recv, messages will be lost


###!!! [Child][MessageChannel::SendAndWait] Error: Channel error: cannot send/recv

