1604269239006	geckodriver	INFO	Listening on 127.0.0.1:59960
1604269242079	mozrunner::runner	INFO	Running command: "C:\\Program Files\\Mozilla Firefox\\firefox.exe" "--marionette" "-foreground" "-no-remote" "-profile" "C:\\Users\\gaspe\\AppData\\Local\\Temp\\rust_mozprofilevO2IUs"
Can't find symbol 'eglSwapBuffersWithDamageEXT'.
JavaScript error: resource://gre/modules/XULStore.jsm, line 66: Error: Can't find profile directory.
console.warn: SearchSettings: "get: No settings file exists, new profile?" (new Error("", "(unknown module)"))
1604269244873	Marionette	INFO	Listening on port 59969
1604269245261	Marionette	WARN	TLS certificate errors will be ignored for this session
JavaScript warning: https://www.worldometers.info/coronavirus/, line 21895: unreachable code after return statement
JavaScript warning: https://www.worldometers.info/coronavirus/, line 21951: unreachable code after return statement
Can't find symbol 'eglSwapBuffersWithDamageEXT'.
1604269288977	Marionette	INFO	Stopped listening on port 59969

###!!! [Child][RunMessage] Error: Channel closing: too late to send/recv, messages will be lost


###!!! [Child][MessageChannel::SendAndWait] Error: Channel error: cannot send/recv

1604269775179	geckodriver	INFO	Listening on 127.0.0.1:60456
1604269778249	mozrunner::runner	INFO	Running command: "C:\\Program Files\\Mozilla Firefox\\firefox.exe" "--marionette" "-foreground" "-no-remote" "-profile" "C:\\Users\\gaspe\\AppData\\Local\\Temp\\rust_mozprofile9FT1Sn"
Can't find symbol 'eglSwapBuffersWithDamageEXT'.
JavaScript error: resource://gre/modules/XULStore.jsm, line 66: Error: Can't find profile directory.
console.warn: SearchSettings: "get: No settings file exists, new profile?" (new Error("", "(unknown module)"))
1604269781500	Marionette	INFO	Listening on port 60466
1604269781931	Marionette	WARN	TLS certificate errors will be ignored for this session
JavaScript warning: https://www.worldometers.info/coronavirus/, line 21894: unreachable code after return statement
JavaScript warning: https://www.worldometers.info/coronavirus/, line 21950: unreachable code after return statement
Can't find symbol 'eglSwapBuffersWithDamageEXT'.
1604269871748	Marionette	INFO	Stopped listening on port 60466

###!!! [Child][RunMessage] Error: Channel closing: too late to send/recv, messages will be lost


###!!! [Child][MessageChannel::SendAndWait] Error: Channel error: cannot send/recv

1604312960103	geckodriver	INFO	Listening on 127.0.0.1:59962
1604312963272	mozrunner::runner	INFO	Running command: "C:\\Program Files\\Mozilla Firefox\\firefox.exe" "--marionette" "-foreground" "-no-remote" "-profile" "C:\\Users\\gaspe\\AppData\\Local\\Temp\\rust_mozprofileNSo5dh"
Can't find symbol 'eglSwapBuffersWithDamageEXT'.
JavaScript error: resource://gre/modules/XULStore.jsm, line 66: Error: Can't find profile directory.
console.warn: SearchSettings: "get: No settings file exists, new profile?" (new Error("", "(unknown module)"))
1604312966658	Marionette	INFO	Listening on port 59971
1604312966979	Marionette	WARN	TLS certificate errors will be ignored for this session
JavaScript warning: https://www.worldometers.info/coronavirus/, line 21889: unreachable code after return statement
JavaScript warning: https://www.worldometers.info/coronavirus/, line 21945: unreachable code after return statement
Can't find symbol 'eglSwapBuffersWithDamageEXT'.
1604313006213	Marionette	INFO	Stopped listening on port 59971

###!!! [Child][RunMessage] Error: Channel closing: too late to send/recv, messages will be lost


###!!! [Child][MessageChannel::SendAndWait] Error: Channel error: cannot send/recv

1604314394937	geckodriver	INFO	Listening on 127.0.0.1:61281
1604314398047	mozrunner::runner	INFO	Running command: "C:\\Program Files\\Mozilla Firefox\\firefox.exe" "--marionette" "-foreground" "-no-remote" "-profile" "C:\\Users\\gaspe\\AppData\\Local\\Temp\\rust_mozprofileQkRhjm"
Can't find symbol 'eglSwapBuffersWithDamageEXT'.
JavaScript error: resource://gre/modules/XULStore.jsm, line 66: Error: Can't find profile directory.
console.warn: SearchSettings: "get: No settings file exists, new profile?" (new Error("", "(unknown module)"))
1604314401199	Marionette	INFO	Listening on port 61290
1604314401246	Marionette	WARN	TLS certificate errors will be ignored for this session
JavaScript warning: https://www.worldometers.info/coronavirus/, line 21895: unreachable code after return statement
JavaScript warning: https://www.worldometers.info/coronavirus/, line 21951: unreachable code after return statement
Can't find symbol 'eglSwapBuffersWithDamageEXT'.
1604314420002	Marionette	INFO	Stopped listening on port 61290

###!!! [Child][RunMessage] Error: Channel closing: too late to send/recv, messages will be lost


###!!! [Child][MessageChannel::SendAndWait] Error: Channel error: cannot send/recv

1604314641291	geckodriver	INFO	Listening on 127.0.0.1:61758
1604314644358	mozrunner::runner	INFO	Running command: "C:\\Program Files\\Mozilla Firefox\\firefox.exe" "--marionette" "-foreground" "-no-remote" "-profile" "C:\\Users\\gaspe\\AppData\\Local\\Temp\\rust_mozprofilejrM241"
Can't find symbol 'eglSwapBuffersWithDamageEXT'.
JavaScript error: resource://gre/modules/XULStore.jsm, line 66: Error: Can't find profile directory.
console.warn: SearchSettings: "get: No settings file exists, new profile?" (new Error("", "(unknown module)"))
1604314647119	Marionette	INFO	Listening on port 61768
1604314647518	Marionette	WARN	TLS certificate errors will be ignored for this session
JavaScript warning: https://www.worldometers.info/coronavirus/, line 21890: unreachable code after return statement
JavaScript warning: https://www.worldometers.info/coronavirus/, line 21946: unreachable code after return statement
Can't find symbol 'eglSwapBuffersWithDamageEXT'.
1604314664105	Marionette	INFO	Stopped listening on port 61768

###!!! [Child][RunMessage] Error: Channel closing: too late to send/recv, messages will be lost


###!!! [Child][MessageChannel::SendAndWait] Error: Channel error: cannot send/recv

1604315127458	geckodriver	INFO	Listening on 127.0.0.1:62162
1604315130541	mozrunner::runner	INFO	Running command: "C:\\Program Files\\Mozilla Firefox\\firefox.exe" "--marionette" "-foreground" "-no-remote" "-profile" "C:\\Users\\gaspe\\AppData\\Local\\Temp\\rust_mozprofilezir8fL"
Can't find symbol 'eglSwapBuffersWithDamageEXT'.
JavaScript error: resource://gre/modules/XULStore.jsm, line 66: Error: Can't find profile directory.
console.warn: SearchSettings: "get: No settings file exists, new profile?" (new Error("", "(unknown module)"))
1604315133481	Marionette	INFO	Listening on port 62171
1604315133823	Marionette	WARN	TLS certificate errors will be ignored for this session
JavaScript warning: https://www.worldometers.info/coronavirus/, line 21894: unreachable code after return statement
JavaScript warning: https://www.worldometers.info/coronavirus/, line 21950: unreachable code after return statement
Can't find symbol 'eglSwapBuffersWithDamageEXT'.
1604315153467	Marionette	INFO	Stopped listening on port 62171

###!!! [Child][RunMessage] Error: Channel closing: too late to send/recv, messages will be lost


###!!! [Child][MessageChannel::SendAndWait] Error: Channel error: cannot send/recv

1604315299149	geckodriver	INFO	Listening on 127.0.0.1:62410
1604315302225	mozrunner::runner	INFO	Running command: "C:\\Program Files\\Mozilla Firefox\\firefox.exe" "--marionette" "-foreground" "-no-remote" "-profile" "C:\\Users\\gaspe\\AppData\\Local\\Temp\\rust_mozprofilegvKlQB"
Can't find symbol 'eglSwapBuffersWithDamageEXT'.
JavaScript error: resource://gre/modules/XULStore.jsm, line 66: Error: Can't find profile directory.
console.warn: SearchSettings: "get: No settings file exists, new profile?" (new Error("", "(unknown module)"))
1604315305083	Marionette	INFO	Listening on port 62420
1604315305402	Marionette	WARN	TLS certificate errors will be ignored for this session
JavaScript warning: https://www.worldometers.info/coronavirus/, line 21893: unreachable code after return statement
JavaScript warning: https://www.worldometers.info/coronavirus/, line 21949: unreachable code after return statement
Can't find symbol 'eglSwapBuffersWithDamageEXT'.
1604315324587	Marionette	INFO	Stopped listening on port 62420

###!!! [Child][MessageChannel] Error: (msgtype=0x690027,name=PNecko::Msg_RemoveRequestContext) Channel closing: too late to send/recv, messages will be lost


###!!! [Child][RunMessage] Error: Channel closing: too late to send/recv, messages will be lost


###!!! [Child][RunMessage] Error: Channel closing: too late to send/recv, messages will be lost


###!!! [Child][RunMessage] Error: Channel closing: too late to send/recv, messages will be lost


###!!! [Child][RunMessage] Error: Channel closing: too late to send/recv, messages will be lost


###!!! [Child][RunMessage] Error: Channel closing: too late to send/recv, messages will be lost


###!!! [Child][RunMessage] Error: Channel closing: too late to send/recv, messages will be lost


###!!! [Child][MessageChannel::SendAndWait] Error: Channel error: cannot send/recv

1604315600456	geckodriver	INFO	Listening on 127.0.0.1:62743
1604315603539	mozrunner::runner	INFO	Running command: "C:\\Program Files\\Mozilla Firefox\\firefox.exe" "--marionette" "-foreground" "-no-remote" "-profile" "C:\\Users\\gaspe\\AppData\\Local\\Temp\\rust_mozprofilejBnju5"
Can't find symbol 'eglSwapBuffersWithDamageEXT'.
JavaScript error: resource://gre/modules/XULStore.jsm, line 66: Error: Can't find profile directory.
console.warn: SearchSettings: "get: No settings file exists, new profile?" (new Error("", "(unknown module)"))
1604315606280	Marionette	INFO	Listening on port 62752
1604315606707	Marionette	WARN	TLS certificate errors will be ignored for this session
JavaScript warning: https://www.worldometers.info/coronavirus/, line 21893: unreachable code after return statement
JavaScript warning: https://www.worldometers.info/coronavirus/, line 21949: unreachable code after return statement
Can't find symbol 'eglSwapBuffersWithDamageEXT'.
1604315624967	Marionette	INFO	Stopped listening on port 62752

###!!! [Child][RunMessage] Error: Channel closing: too late to send/recv, messages will be lost


###!!! [Child][MessageChannel::SendAndWait] Error: Channel error: cannot send/recv

1604316743640	geckodriver	INFO	Listening on 127.0.0.1:63729
1604316746727	mozrunner::runner	INFO	Running command: "C:\\Program Files\\Mozilla Firefox\\firefox.exe" "--marionette" "-foreground" "-no-remote" "-profile" "C:\\Users\\gaspe\\AppData\\Local\\Temp\\rust_mozprofileSQB0dg"
Can't find symbol 'eglSwapBuffersWithDamageEXT'.
JavaScript error: resource://gre/modules/XULStore.jsm, line 66: Error: Can't find profile directory.
console.warn: SearchSettings: "get: No settings file exists, new profile?" (new Error("", "(unknown module)"))
1604316749710	Marionette	INFO	Listening on port 63739
1604316749920	Marionette	WARN	TLS certificate errors will be ignored for this session
JavaScript warning: https://www.worldometers.info/coronavirus/, line 21894: unreachable code after return statement
JavaScript warning: https://www.worldometers.info/coronavirus/, line 21950: unreachable code after return statement
Can't find symbol 'eglSwapBuffersWithDamageEXT'.
1604316769042	Marionette	INFO	Stopped listening on port 63739

###!!! [Child][MessageChannel::SendAndWait] Error: Channel error: cannot send/recv

1604342394084	geckodriver	INFO	Listening on 127.0.0.1:49970
1604342397144	mozrunner::runner	INFO	Running command: "C:\\Program Files\\Mozilla Firefox\\firefox.exe" "--marionette" "-foreground" "-no-remote" "-profile" "C:\\Users\\gaspe\\AppData\\Local\\Temp\\rust_mozprofile7rYDwv"
Can't find symbol 'eglSwapBuffersWithDamageEXT'.
JavaScript error: resource://gre/modules/XULStore.jsm, line 66: Error: Can't find profile directory.
console.warn: SearchSettings: "get: No settings file exists, new profile?" (new Error("", "(unknown module)"))
1604342400405	Marionette	INFO	Listening on port 49980
1604342400818	Marionette	WARN	TLS certificate errors will be ignored for this session
JavaScript warning: https://www.worldometers.info/coronavirus/, line 21893: unreachable code after return statement
JavaScript warning: https://www.worldometers.info/coronavirus/, line 21949: unreachable code after return statement
Can't find symbol 'eglSwapBuffersWithDamageEXT'.
1604342418217	Marionette	INFO	Stopped listening on port 49980

###!!! [Child][RunMessage] Error: Channel closing: too late to send/recv, messages will be lost


###!!! [Child][RunMessage] Error: Channel closing: too late to send/recv, messages will be lost


###!!! [Child][RunMessage] Error: Channel closing: too late to send/recv, messages will be lost


###!!! [Child][RunMessage] Error: Channel closing: too late to send/recv, messages will be lost


###!!! [Child][MessageChannel::SendAndWait] Error: Channel error: cannot send/recv

1604342569450	geckodriver	INFO	Listening on 127.0.0.1:50363
1604342572503	mozrunner::runner	INFO	Running command: "C:\\Program Files\\Mozilla Firefox\\firefox.exe" "--marionette" "-foreground" "-no-remote" "-profile" "C:\\Users\\gaspe\\AppData\\Local\\Temp\\rust_mozprofileeyPtdT"
Can't find symbol 'eglSwapBuffersWithDamageEXT'.
JavaScript error: resource://gre/modules/XULStore.jsm, line 66: Error: Can't find profile directory.
console.warn: SearchSettings: "get: No settings file exists, new profile?" (new Error("", "(unknown module)"))
1604342575712	Marionette	INFO	Listening on port 50372
1604342576189	Marionette	WARN	TLS certificate errors will be ignored for this session
JavaScript warning: https://www.worldometers.info/coronavirus/, line 21894: unreachable code after return statement
JavaScript warning: https://www.worldometers.info/coronavirus/, line 21950: unreachable code after return statement
Can't find symbol 'eglSwapBuffersWithDamageEXT'.
1604342594678	Marionette	INFO	Stopped listening on port 50372

###!!! [Child][RunMessage] Error: Channel closing: too late to send/recv, messages will be lost


###!!! [Child][MessageChannel::SendAndWait] Error: Channel error: cannot send/recv

1604342620754	geckodriver	INFO	Listening on 127.0.0.1:50553
1604342623827	mozrunner::runner	INFO	Running command: "C:\\Program Files\\Mozilla Firefox\\firefox.exe" "--marionette" "-foreground" "-no-remote" "-profile" "C:\\Users\\gaspe\\AppData\\Local\\Temp\\rust_mozprofilepyhI7l"
Can't find symbol 'eglSwapBuffersWithDamageEXT'.
JavaScript error: resource://gre/modules/XULStore.jsm, line 66: Error: Can't find profile directory.
console.warn: SearchSettings: "get: No settings file exists, new profile?" (new Error("", "(unknown module)"))
1604342626775	Marionette	INFO	Listening on port 50566
1604342627012	Marionette	WARN	TLS certificate errors will be ignored for this session
JavaScript warning: https://www.worldometers.info/coronavirus/, line 21895: unreachable code after return statement
JavaScript warning: https://www.worldometers.info/coronavirus/, line 21951: unreachable code after return statement
Can't find symbol 'eglSwapBuffersWithDamageEXT'.
1604342644319	Marionette	INFO	Stopped listening on port 50566

###!!! [Child][RunMessage] Error: Channel closing: too late to send/recv, messages will be lost


###!!! [Child][MessageChannel::SendAndWait] Error: Channel error: cannot send/recv

1604342793616	geckodriver	INFO	Listening on 127.0.0.1:50827
1604342796654	mozrunner::runner	INFO	Running command: "C:\\Program Files\\Mozilla Firefox\\firefox.exe" "--marionette" "-foreground" "-no-remote" "-profile" "C:\\Users\\gaspe\\AppData\\Local\\Temp\\rust_mozprofileIM90N1"
Can't find symbol 'eglSwapBuffersWithDamageEXT'.
JavaScript error: resource://gre/modules/XULStore.jsm, line 66: Error: Can't find profile directory.
console.warn: SearchSettings: "get: No settings file exists, new profile?" (new Error("", "(unknown module)"))
1604342800035	Marionette	INFO	Listening on port 50836
1604342800343	Marionette	WARN	TLS certificate errors will be ignored for this session
JavaScript warning: https://www.worldometers.info/coronavirus/, line 21894: unreachable code after return statement
JavaScript warning: https://www.worldometers.info/coronavirus/, line 21950: unreachable code after return statement
Can't find symbol 'eglSwapBuffersWithDamageEXT'.
1604342818280	Marionette	INFO	Stopped listening on port 50836

###!!! [Child][RunMessage] Error: Channel closing: too late to send/recv, messages will be lost


###!!! [Child][MessageChannel::SendAndWait] Error: Channel error: cannot send/recv

1604343390572	geckodriver	INFO	Listening on 127.0.0.1:51309
1604343393631	mozrunner::runner	INFO	Running command: "C:\\Program Files\\Mozilla Firefox\\firefox.exe" "--marionette" "-foreground" "-no-remote" "-profile" "C:\\Users\\gaspe\\AppData\\Local\\Temp\\rust_mozprofileCfVFWM"
Can't find symbol 'eglSwapBuffersWithDamageEXT'.
JavaScript error: resource://gre/modules/XULStore.jsm, line 66: Error: Can't find profile directory.
console.warn: SearchSettings: "get: No settings file exists, new profile?" (new Error("", "(unknown module)"))
1604343396662	Marionette	INFO	Listening on port 51319
1604343396803	Marionette	WARN	TLS certificate errors will be ignored for this session
JavaScript warning: https://www.worldometers.info/coronavirus/, line 21892: unreachable code after return statement
JavaScript warning: https://www.worldometers.info/coronavirus/, line 21948: unreachable code after return statement
Can't find symbol 'eglSwapBuffersWithDamageEXT'.
1604343415375	Marionette	INFO	Stopped listening on port 51319

###!!! [Child][RunMessage] Error: Channel closing: too late to send/recv, messages will be lost


###!!! [Child][MessageChannel::SendAndWait] Error: Channel error: cannot send/recv

1604344363726	geckodriver	INFO	Listening on 127.0.0.1:51953
1604344366790	mozrunner::runner	INFO	Running command: "C:\\Program Files\\Mozilla Firefox\\firefox.exe" "--marionette" "-foreground" "-no-remote" "-profile" "C:\\Users\\gaspe\\AppData\\Local\\Temp\\rust_mozprofile5xV7xE"
Can't find symbol 'eglSwapBuffersWithDamageEXT'.
JavaScript error: resource://gre/modules/XULStore.jsm, line 66: Error: Can't find profile directory.
console.warn: SearchSettings: "get: No settings file exists, new profile?" (new Error("", "(unknown module)"))
1604344369666	Marionette	INFO	Listening on port 51964
1604344369979	Marionette	WARN	TLS certificate errors will be ignored for this session
JavaScript warning: https://www.worldometers.info/coronavirus/, line 21896: unreachable code after return statement
JavaScript warning: https://www.worldometers.info/coronavirus/, line 21952: unreachable code after return statement
Can't find symbol 'eglSwapBuffersWithDamageEXT'.
1604344388711	Marionette	INFO	Stopped listening on port 51964

###!!! [Child][RunMessage] Error: Channel closing: too late to send/recv, messages will be lost


###!!! [Child][MessageChannel::SendAndWait] Error: Channel error: cannot send/recv

1604346222208	geckodriver	INFO	Listening on 127.0.0.1:53080
1604346225264	mozrunner::runner	INFO	Running command: "C:\\Program Files\\Mozilla Firefox\\firefox.exe" "--marionette" "-foreground" "-no-remote" "-profile" "C:\\Users\\gaspe\\AppData\\Local\\Temp\\rust_mozprofile6FWuvJ"
Can't find symbol 'eglSwapBuffersWithDamageEXT'.
JavaScript error: resource://gre/modules/XULStore.jsm, line 66: Error: Can't find profile directory.
console.warn: SearchSettings: "get: No settings file exists, new profile?" (new Error("", "(unknown module)"))
1604346229451	Marionette	INFO	Listening on port 53093
1604346229556	Marionette	WARN	TLS certificate errors will be ignored for this session
JavaScript warning: https://www.worldometers.info/coronavirus/, line 21895: unreachable code after return statement
JavaScript warning: https://www.worldometers.info/coronavirus/, line 21951: unreachable code after return statement
Can't find symbol 'eglSwapBuffersWithDamageEXT'.
1604346251189	Marionette	INFO	Stopped listening on port 53093

###!!! [Child][RunMessage] Error: Channel closing: too late to send/recv, messages will be lost


###!!! [Child][MessageChannel::SendAndWait] Error: Channel error: cannot send/recv

1604358318980	geckodriver	INFO	Listening on 127.0.0.1:57104
1604358322038	mozrunner::runner	INFO	Running command: "C:\\Program Files\\Mozilla Firefox\\firefox.exe" "--marionette" "-foreground" "-no-remote" "-profile" "C:\\Users\\gaspe\\AppData\\Local\\Temp\\rust_mozprofileuyc8t2"
Can't find symbol 'eglSwapBuffersWithDamageEXT'.
JavaScript error: resource://gre/modules/XULStore.jsm, line 66: Error: Can't find profile directory.
console.warn: SearchSettings: "get: No settings file exists, new profile?" (new Error("", "(unknown module)"))
1604358324598	Marionette	INFO	Listening on port 57113
1604358324704	Marionette	WARN	TLS certificate errors will be ignored for this session
JavaScript warning: https://www.worldometers.info/coronavirus/, line 21895: unreachable code after return statement
JavaScript warning: https://www.worldometers.info/coronavirus/, line 21951: unreachable code after return statement
Can't find symbol 'eglSwapBuffersWithDamageEXT'.
1604358347521	Marionette	INFO	Stopped listening on port 57113

###!!! [Child][RunMessage] Error: Channel closing: too late to send/recv, messages will be lost


###!!! [Child][MessageChannel::SendAndWait] Error: Channel error: cannot send/recv

1604405542236	geckodriver	INFO	Listening on 127.0.0.1:51650
1604405545297	mozrunner::runner	INFO	Running command: "C:\\Program Files\\Mozilla Firefox\\firefox.exe" "--marionette" "-foreground" "-no-remote" "-profile" "C:\\Users\\gaspe\\AppData\\Local\\Temp\\rust_mozprofileFoKoRy"
Can't find symbol 'eglSwapBuffersWithDamageEXT'.
JavaScript error: resource://gre/modules/XULStore.jsm, line 66: Error: Can't find profile directory.
console.warn: SearchSettings: "get: No settings file exists, new profile?" (new Error("", "(unknown module)"))
1604405548541	Marionette	INFO	Listening on port 51659
1604405549009	Marionette	WARN	TLS certificate errors will be ignored for this session
JavaScript warning: https://www.worldometers.info/coronavirus/, line 21891: unreachable code after return statement
JavaScript warning: https://www.worldometers.info/coronavirus/, line 21947: unreachable code after return statement
Can't find symbol 'eglSwapBuffersWithDamageEXT'.
1604405567218	Marionette	INFO	Stopped listening on port 51659

###!!! [Child][RunMessage] Error: Channel closing: too late to send/recv, messages will be lost


###!!! [Child][MessageChannel::SendAndWait] Error: Channel error: cannot send/recv

1604406155724	geckodriver	INFO	Listening on 127.0.0.1:52197
1604406158816	mozrunner::runner	INFO	Running command: "C:\\Program Files\\Mozilla Firefox\\firefox.exe" "--marionette" "-foreground" "-no-remote" "-profile" "C:\\Users\\gaspe\\AppData\\Local\\Temp\\rust_mozprofileCW85y6"
Can't find symbol 'eglSwapBuffersWithDamageEXT'.
JavaScript error: resource://gre/modules/XULStore.jsm, line 66: Error: Can't find profile directory.
console.warn: SearchSettings: "get: No settings file exists, new profile?" (new Error("", "(unknown module)"))
1604406161591	Marionette	INFO	Listening on port 52206
1604406161987	Marionette	WARN	TLS certificate errors will be ignored for this session
JavaScript warning: https://www.worldometers.info/coronavirus/, line 21891: unreachable code after return statement
JavaScript warning: https://www.worldometers.info/coronavirus/, line 21947: unreachable code after return statement
Can't find symbol 'eglSwapBuffersWithDamageEXT'.
1604406180343	Marionette	INFO	Stopped listening on port 52206

###!!! [Child][RunMessage] Error: Channel closing: too late to send/recv, messages will be lost


###!!! [Child][MessageChannel::SendAndWait] Error: Channel error: cannot send/recv

1604409900404	geckodriver	INFO	Listening on 127.0.0.1:63603
1604409903454	mozrunner::runner	INFO	Running command: "C:\\Program Files\\Mozilla Firefox\\firefox.exe" "--marionette" "-foreground" "-no-remote" "-profile" "C:\\Users\\gaspe\\AppData\\Local\\Temp\\rust_mozprofileOSazfz"
Can't find symbol 'eglSwapBuffersWithDamageEXT'.
JavaScript error: resource://gre/modules/XULStore.jsm, line 66: Error: Can't find profile directory.
console.warn: SearchSettings: "get: No settings file exists, new profile?" (new Error("", "(unknown module)"))
1604409906691	Marionette	INFO	Listening on port 63612
1604409907134	Marionette	WARN	TLS certificate errors will be ignored for this session
JavaScript warning: https://www.worldometers.info/coronavirus/, line 21888: unreachable code after return statement
JavaScript warning: https://www.worldometers.info/coronavirus/, line 21944: unreachable code after return statement
Can't find symbol 'eglSwapBuffersWithDamageEXT'.
1604409928645	Marionette	INFO	Stopped listening on port 63612

###!!! [Child][RunMessage] Error: Channel closing: too late to send/recv, messages will be lost


###!!! [Child][MessageChannel::SendAndWait] Error: Channel error: cannot send/recv

1604411159130	geckodriver	INFO	Listening on 127.0.0.1:54776
1604411162194	mozrunner::runner	INFO	Running command: "C:\\Program Files\\Mozilla Firefox\\firefox.exe" "--marionette" "-foreground" "-no-remote" "-profile" "C:\\Users\\gaspe\\AppData\\Local\\Temp\\rust_mozprofileWskZb5"
Can't find symbol 'eglSwapBuffersWithDamageEXT'.
JavaScript error: resource://gre/modules/XULStore.jsm, line 66: Error: Can't find profile directory.
console.warn: SearchSettings: "get: No settings file exists, new profile?" (new Error("", "(unknown module)"))
1604411165553	Marionette	INFO	Listening on port 54785
1604411165900	Marionette	WARN	TLS certificate errors will be ignored for this session
JavaScript warning: https://www.worldometers.info/coronavirus/, line 21891: unreachable code after return statement
JavaScript warning: https://www.worldometers.info/coronavirus/, line 21947: unreachable code after return statement
Can't find symbol 'eglSwapBuffersWithDamageEXT'.
1604411183875	Marionette	INFO	Stopped listening on port 54785

###!!! [Child][RunMessage] Error: Channel closing: too late to send/recv, messages will be lost


###!!! [Child][MessageChannel::SendAndWait] Error: Channel error: cannot send/recv

1604438591688	geckodriver	INFO	Listening on 127.0.0.1:64292
1604438594722	mozrunner::runner	INFO	Running command: "C:\\Program Files\\Mozilla Firefox\\firefox.exe" "--marionette" "-foreground" "-no-remote" "-profile" "C:\\Users\\gaspe\\AppData\\Local\\Temp\\rust_mozprofilenUEBmn"
Can't find symbol 'eglSwapBuffersWithDamageEXT'.
JavaScript error: resource://gre/modules/XULStore.jsm, line 66: Error: Can't find profile directory.
console.warn: SearchSettings: "get: No settings file exists, new profile?" (new Error("", "(unknown module)"))
1604438597152	Marionette	INFO	Listening on port 64300
1604438597421	Marionette	WARN	TLS certificate errors will be ignored for this session
JavaScript warning: https://www.worldometers.info/coronavirus/, line 21893: unreachable code after return statement
JavaScript warning: https://www.worldometers.info/coronavirus/, line 21949: unreachable code after return statement
Can't find symbol 'eglSwapBuffersWithDamageEXT'.
1604438615094	Marionette	INFO	Stopped listening on port 64300

###!!! [Child][RunMessage] Error: Channel closing: too late to send/recv, messages will be lost


###!!! [Child][MessageChannel::SendAndWait] Error: Channel error: cannot send/recv

1604490296249	geckodriver	INFO	Listening on 127.0.0.1:51466
1604490299308	mozrunner::runner	INFO	Running command: "C:\\Program Files\\Mozilla Firefox\\firefox.exe" "--marionette" "-foreground" "-no-remote" "-profile" "C:\\Users\\gaspe\\AppData\\Local\\Temp\\rust_mozprofilelKDvmg"
Can't find symbol 'eglSwapBuffersWithDamageEXT'.
JavaScript error: resource://gre/modules/XULStore.jsm, line 66: Error: Can't find profile directory.
console.warn: SearchSettings: "get: No settings file exists, new profile?" (new Error("", "(unknown module)"))
1604490304057	Marionette	INFO	Listening on port 51476
1604490304120	Marionette	WARN	TLS certificate errors will be ignored for this session
JavaScript warning: https://www.worldometers.info/coronavirus/, line 21886: unreachable code after return statement
JavaScript warning: https://www.worldometers.info/coronavirus/, line 21942: unreachable code after return statement
Can't find symbol 'eglSwapBuffersWithDamageEXT'.
1604490325215	Marionette	INFO	Stopped listening on port 51476

###!!! [Child][RunMessage] Error: Channel closing: too late to send/recv, messages will be lost


###!!! [Child][RunMessage] Error: Channel closing: too late to send/recv, messages will be lost


###!!! [Child][RunMessage] Error: Channel closing: too late to send/recv, messages will be lost


###!!! [Child][RunMessage] Error: Channel closing: too late to send/recv, messages will be lost


###!!! [Child][RunMessage] Error: Channel closing: too late to send/recv, messages will be lost


###!!! [Child][MessageChannel::SendAndWait] Error: Channel error: cannot send/recv

1604490358661	geckodriver	INFO	Listening on 127.0.0.1:51662
1604490361703	mozrunner::runner	INFO	Running command: "C:\\Program Files\\Mozilla Firefox\\firefox.exe" "--marionette" "-foreground" "-no-remote" "-profile" "C:\\Users\\gaspe\\AppData\\Local\\Temp\\rust_mozprofilej3OJIy"
Can't find symbol 'eglSwapBuffersWithDamageEXT'.
JavaScript error: resource://gre/modules/XULStore.jsm, line 66: Error: Can't find profile directory.
console.warn: SearchSettings: "get: No settings file exists, new profile?" (new Error("", "(unknown module)"))
1604490364557	Marionette	INFO	Listening on port 51673
1604490364934	Marionette	WARN	TLS certificate errors will be ignored for this session
JavaScript warning: https://www.worldometers.info/coronavirus/, line 21886: unreachable code after return statement
JavaScript warning: https://www.worldometers.info/coronavirus/, line 21942: unreachable code after return statement
Can't find symbol 'eglSwapBuffersWithDamageEXT'.
1604490383696	Marionette	INFO	Stopped listening on port 51673

###!!! [Child][MessageChannel::SendAndWait] Error: Channel error: cannot send/recv

1604490557211	geckodriver	INFO	Listening on 127.0.0.1:52029
1604490560281	mozrunner::runner	INFO	Running command: "C:\\Program Files\\Mozilla Firefox\\firefox.exe" "--marionette" "-foreground" "-no-remote" "-profile" "C:\\Users\\gaspe\\AppData\\Local\\Temp\\rust_mozprofilekwSVuF"
Can't find symbol 'eglSwapBuffersWithDamageEXT'.
JavaScript error: resource://gre/modules/XULStore.jsm, line 66: Error: Can't find profile directory.
console.warn: SearchSettings: "get: No settings file exists, new profile?" (new Error("", "(unknown module)"))
1604490564301	Marionette	INFO	Listening on port 52038
1604490564669	Marionette	WARN	TLS certificate errors will be ignored for this session
JavaScript warning: https://www.worldometers.info/coronavirus/, line 21885: unreachable code after return statement
JavaScript warning: https://www.worldometers.info/coronavirus/, line 21941: unreachable code after return statement
Can't find symbol 'eglSwapBuffersWithDamageEXT'.
1604490584489	Marionette	INFO	Stopped listening on port 52038

###!!! [Child][RunMessage] Error: Channel closing: too late to send/recv, messages will be lost


###!!! [Child][RunMessage] Error: Channel closing: too late to send/recv, messages will be lost


###!!! [Child][RunMessage] Error: Channel closing: too late to send/recv, messages will be lost


###!!! [Child][RunMessage] Error: Channel closing: too late to send/recv, messages will be lost


###!!! [Child][RunMessage] Error: Channel closing: too late to send/recv, messages will be lost


###!!! [Child][MessageChannel::SendAndWait] Error: Channel error: cannot send/recv

1604501088838	geckodriver	INFO	Listening on 127.0.0.1:61186
1604501092273	mozrunner::runner	INFO	Running command: "C:\\Program Files\\Mozilla Firefox\\firefox.exe" "--marionette" "-foreground" "-no-remote" "-profile" "C:\\Users\\gaspe\\AppData\\Local\\Temp\\rust_mozprofilePMAbqU"
Can't find symbol 'eglSwapBuffersWithDamageEXT'.
JavaScript error: resource://gre/modules/XULStore.jsm, line 66: Error: Can't find profile directory.
console.warn: SearchSettings: "get: No settings file exists, new profile?" (new Error("", "(unknown module)"))
1604501095603	Marionette	INFO	Listening on port 61196
1604501096055	Marionette	WARN	TLS certificate errors will be ignored for this session
JavaScript warning: https://www.worldometers.info/coronavirus/, line 21886: unreachable code after return statement
JavaScript warning: https://www.worldometers.info/coronavirus/, line 21942: unreachable code after return statement
Can't find symbol 'eglSwapBuffersWithDamageEXT'.
1604501117079	Marionette	INFO	Stopped listening on port 61196

###!!! [Child][MessageChannel] Error: (msgtype=0x690027,name=PNecko::Msg_RemoveRequestContext) Channel closing: too late to send/recv, messages will be lost


###!!! [Child][RunMessage] Error: Channel closing: too late to send/recv, messages will be lost


###!!! [Child][RunMessage] Error: Channel closing: too late to send/recv, messages will be lost


###!!! [Child][RunMessage] Error: Channel closing: too late to send/recv, messages will be lost


###!!! [Child][RunMessage] Error: Channel closing: too late to send/recv, messages will be lost


###!!! [Child][MessageChannel::SendAndWait] Error: Channel error: cannot send/recv

1604501472996	geckodriver	INFO	Listening on 127.0.0.1:61686
1604501476056	mozrunner::runner	INFO	Running command: "C:\\Program Files\\Mozilla Firefox\\firefox.exe" "--marionette" "-foreground" "-no-remote" "-profile" "C:\\Users\\gaspe\\AppData\\Local\\Temp\\rust_mozprofileaztEWr"
Can't find symbol 'eglSwapBuffersWithDamageEXT'.
JavaScript error: resource://gre/modules/XULStore.jsm, line 66: Error: Can't find profile directory.
console.warn: SearchSettings: "get: No settings file exists, new profile?" (new Error("", "(unknown module)"))
1604501479130	Marionette	INFO	Listening on port 61695
1604501479365	Marionette	WARN	TLS certificate errors will be ignored for this session
JavaScript warning: https://www.worldometers.info/coronavirus/, line 21886: unreachable code after return statement
JavaScript warning: https://www.worldometers.info/coronavirus/, line 21942: unreachable code after return statement
Can't find symbol 'eglSwapBuffersWithDamageEXT'.
1604501497756	Marionette	INFO	Stopped listening on port 61695

###!!! [Child][RunMessage] Error: Channel closing: too late to send/recv, messages will be lost


###!!! [Child][MessageChannel::SendAndWait] Error: Channel error: cannot send/recv

1604501834855	geckodriver	INFO	Listening on 127.0.0.1:61985
1604501837901	mozrunner::runner	INFO	Running command: "C:\\Program Files\\Mozilla Firefox\\firefox.exe" "--marionette" "-foreground" "-no-remote" "-profile" "C:\\Users\\gaspe\\AppData\\Local\\Temp\\rust_mozprofileIINMbT"
Can't find symbol 'eglSwapBuffersWithDamageEXT'.
JavaScript error: resource://gre/modules/XULStore.jsm, line 66: Error: Can't find profile directory.
console.warn: SearchSettings: "get: No settings file exists, new profile?" (new Error("", "(unknown module)"))
1604501840937	Marionette	INFO	Listening on port 61994
1604501841098	Marionette	WARN	TLS certificate errors will be ignored for this session
JavaScript warning: https://www.worldometers.info/coronavirus/, line 21885: unreachable code after return statement
JavaScript warning: https://www.worldometers.info/coronavirus/, line 21941: unreachable code after return statement
Can't find symbol 'eglSwapBuffersWithDamageEXT'.
1604501860705	Marionette	INFO	Stopped listening on port 61994

###!!! [Child][RunMessage] Error: Channel closing: too late to send/recv, messages will be lost


###!!! [Child][MessageChannel::SendAndWait] Error: Channel error: cannot send/recv

1604512055142	geckodriver	INFO	Listening on 127.0.0.1:63150
1604512058219	mozrunner::runner	INFO	Running command: "C:\\Program Files\\Mozilla Firefox\\firefox.exe" "--marionette" "-foreground" "-no-remote" "-profile" "C:\\Users\\gaspe\\AppData\\Local\\Temp\\rust_mozprofile4qVq0i"
Can't find symbol 'eglSwapBuffersWithDamageEXT'.
JavaScript error: resource://gre/modules/XULStore.jsm, line 66: Error: Can't find profile directory.
console.warn: SearchSettings: "get: No settings file exists, new profile?" (new Error("", "(unknown module)"))
1604512061719	Marionette	INFO	Listening on port 63161
1604512062074	Marionette	WARN	TLS certificate errors will be ignored for this session
JavaScript warning: https://www.worldometers.info/coronavirus/, line 17680: unreachable code after return statement
JavaScript warning: https://www.worldometers.info/coronavirus/, line 17736: unreachable code after return statement
Can't find symbol 'eglSwapBuffersWithDamageEXT'.
1604512071322	Marionette	WARN	TimedPromise timed out after 500 ms: stacktrace:
TimedPromise/<@chrome://marionette/content/sync.js:228:19
TimedPromise@chrome://marionette/content/sync.js:213:10
interaction.flushEventLoop@chrome://marionette/content/interaction.js:418:10
webdriverClickElement@chrome://marionette/content/interaction.js:179:31
1604512072049	Marionette	WARN	TimedPromise timed out after 500 ms: stacktrace:
TimedPromise/<@chrome://marionette/content/sync.js:228:19
TimedPromise@chrome://marionette/content/sync.js:213:10
interaction.flushEventLoop@chrome://marionette/content/interaction.js:418:10
webdriverClickElement@chrome://marionette/content/interaction.js:179:31
1604512072320	Marionette	INFO	Stopped listening on port 63161

###!!! [Child][RunMessage] Error: Channel closing: too late to send/recv, messages will be lost


###!!! [Child][MessageChannel::SendAndWait] Error: Channel error: cannot send/recv

1604512370313	geckodriver	INFO	Listening on 127.0.0.1:64161
1604512373382	mozrunner::runner	INFO	Running command: "C:\\Program Files\\Mozilla Firefox\\firefox.exe" "--marionette" "-foreground" "-no-remote" "-profile" "C:\\Users\\gaspe\\AppData\\Local\\Temp\\rust_mozprofile5KGnCA"
Can't find symbol 'eglSwapBuffersWithDamageEXT'.
JavaScript error: resource://gre/modules/XULStore.jsm, line 66: Error: Can't find profile directory.
console.warn: SearchSettings: "get: No settings file exists, new profile?" (new Error("", "(unknown module)"))
1604512376738	Marionette	INFO	Listening on port 64171
1604512377196	Marionette	WARN	TLS certificate errors will be ignored for this session
JavaScript warning: https://www.worldometers.info/coronavirus/, line 21887: unreachable code after return statement
JavaScript warning: https://www.worldometers.info/coronavirus/, line 21943: unreachable code after return statement
Can't find symbol 'eglSwapBuffersWithDamageEXT'.
1604512387002	Marionette	WARN	TimedPromise timed out after 500 ms: stacktrace:
TimedPromise/<@chrome://marionette/content/sync.js:228:19
TimedPromise@chrome://marionette/content/sync.js:213:10
interaction.flushEventLoop@chrome://marionette/content/interaction.js:418:10
webdriverClickElement@chrome://marionette/content/interaction.js:179:31
1604512387790	Marionette	WARN	TimedPromise timed out after 500 ms: stacktrace:
TimedPromise/<@chrome://marionette/content/sync.js:228:19
TimedPromise@chrome://marionette/content/sync.js:213:10
interaction.flushEventLoop@chrome://marionette/content/interaction.js:418:10
webdriverClickElement@chrome://marionette/content/interaction.js:179:31
1604512388052	Marionette	INFO	Stopped listening on port 64171

###!!! [Child][MessageChannel::SendAndWait] Error: Channel error: cannot send/recv

1604521411807	geckodriver	INFO	Listening on 127.0.0.1:55030
1604521414945	mozrunner::runner	INFO	Running command: "C:\\Program Files\\Mozilla Firefox\\firefox.exe" "--marionette" "-foreground" "-no-remote" "-profile" "C:\\Users\\gaspe\\AppData\\Local\\Temp\\rust_mozprofileMNBYJd"
Can't find symbol 'eglSwapBuffersWithDamageEXT'.
JavaScript error: resource://gre/modules/XULStore.jsm, line 66: Error: Can't find profile directory.
console.warn: SearchSettings: "get: No settings file exists, new profile?" (new Error("", "(unknown module)"))
1604521417595	Marionette	INFO	Listening on port 55039
1604521418111	Marionette	WARN	TLS certificate errors will be ignored for this session
JavaScript warning: https://www.worldometers.info/coronavirus/, line 21886: unreachable code after return statement
JavaScript warning: https://www.worldometers.info/coronavirus/, line 21942: unreachable code after return statement
Can't find symbol 'eglSwapBuffersWithDamageEXT'.
1604521427841	Marionette	WARN	TimedPromise timed out after 500 ms: stacktrace:
TimedPromise/<@chrome://marionette/content/sync.js:228:19
TimedPromise@chrome://marionette/content/sync.js:213:10
interaction.flushEventLoop@chrome://marionette/content/interaction.js:418:10
webdriverClickElement@chrome://marionette/content/interaction.js:179:31
1604521428570	Marionette	WARN	TimedPromise timed out after 500 ms: stacktrace:
TimedPromise/<@chrome://marionette/content/sync.js:228:19
TimedPromise@chrome://marionette/content/sync.js:213:10
interaction.flushEventLoop@chrome://marionette/content/interaction.js:418:10
webdriverClickElement@chrome://marionette/content/interaction.js:179:31
1604521428828	Marionette	INFO	Stopped listening on port 55039

###!!! [Child][MessageChannel] Error: (msgtype=0x690027,name=PNecko::Msg_RemoveRequestContext) Channel closing: too late to send/recv, messages will be lost


###!!! [Child][RunMessage] Error: Channel closing: too late to send/recv, messages will be lost


###!!! [Child][RunMessage] Error: Channel closing: too late to send/recv, messages will be lost


###!!! [Child][RunMessage] Error: Channel closing: too late to send/recv, messages will be lost


###!!! [Child][RunMessage] Error: Channel closing: too late to send/recv, messages will be lost


###!!! [Child][RunMessage] Error: Channel closing: too late to send/recv, messages will be lost


###!!! [Child][RunMessage] Error: Channel closing: too late to send/recv, messages will be lost


###!!! [Child][RunMessage] Error: Channel closing: too late to send/recv, messages will be lost


###!!! [Child][MessageChannel::SendAndWait] Error: Channel error: cannot send/recv

1604521812530	geckodriver	INFO	Listening on 127.0.0.1:55672
1604521815593	mozrunner::runner	INFO	Running command: "C:\\Program Files\\Mozilla Firefox\\firefox.exe" "--marionette" "-foreground" "-no-remote" "-profile" "C:\\Users\\gaspe\\AppData\\Local\\Temp\\rust_mozprofilep5NbyJ"
Can't find symbol 'eglSwapBuffersWithDamageEXT'.
JavaScript error: resource://gre/modules/XULStore.jsm, line 66: Error: Can't find profile directory.
console.warn: SearchSettings: "get: No settings file exists, new profile?" (new Error("", "(unknown module)"))
1604521818988	Marionette	INFO	Listening on port 55681
1604521819381	Marionette	WARN	TLS certificate errors will be ignored for this session
JavaScript warning: https://www.worldometers.info/coronavirus/, line 21889: unreachable code after return statement
JavaScript warning: https://www.worldometers.info/coronavirus/, line 21945: unreachable code after return statement
Can't find symbol 'eglSwapBuffersWithDamageEXT'.
1604521829705	Marionette	WARN	TimedPromise timed out after 500 ms: stacktrace:
TimedPromise/<@chrome://marionette/content/sync.js:228:19
TimedPromise@chrome://marionette/content/sync.js:213:10
interaction.flushEventLoop@chrome://marionette/content/interaction.js:418:10
webdriverClickElement@chrome://marionette/content/interaction.js:179:31
1604521830443	Marionette	WARN	TimedPromise timed out after 500 ms: stacktrace:
TimedPromise/<@chrome://marionette/content/sync.js:228:19
TimedPromise@chrome://marionette/content/sync.js:213:10
interaction.flushEventLoop@chrome://marionette/content/interaction.js:418:10
webdriverClickElement@chrome://marionette/content/interaction.js:179:31
1604521830717	Marionette	INFO	Stopped listening on port 55681
[Child 10740, Chrome_ChildThread] WARNING: pipe error: 232: file /builds/worker/checkouts/gecko/ipc/chromium/src/chrome/common/ipc_channel_win.cc, line 545
[Child 10740, Chrome_ChildThread] WARNING: pipe error: 232: file /builds/worker/checkouts/gecko/ipc/chromium/src/chrome/common/ipc_channel_win.cc, line 545

###!!! [Child][RunMessage] Error: Channel closing: too late to send/recv, messages will be lost


###!!! [Child][MessageChannel::SendAndWait] Error: Channel error: cannot send/recv

1604534302290	geckodriver	INFO	Listening on 127.0.0.1:60237
1604534305465	mozrunner::runner	INFO	Running command: "C:\\Program Files\\Mozilla Firefox\\firefox.exe" "--marionette" "-foreground" "-no-remote" "-profile" "C:\\Users\\gaspe\\AppData\\Local\\Temp\\rust_mozprofile6HV9PZ"
Can't find symbol 'eglSwapBuffersWithDamageEXT'.
JavaScript error: resource://gre/modules/XULStore.jsm, line 66: Error: Can't find profile directory.
console.warn: SearchSettings: "get: No settings file exists, new profile?" (new Error("", "(unknown module)"))
1604534308153	Marionette	INFO	Listening on port 60248
1604534308670	Marionette	WARN	TLS certificate errors will be ignored for this session
JavaScript warning: https://www.worldometers.info/coronavirus/, line 21886: unreachable code after return statement
JavaScript warning: https://www.worldometers.info/coronavirus/, line 21942: unreachable code after return statement
JavaScript error: https://www.gstatic.com/mysidia/7c516c76f1fb366b17a3e9571831221c.js?tag=video_mra/web_fig_och, line 164: SecurityError: The operation is insecure.
Can't find symbol 'eglSwapBuffersWithDamageEXT'.
1604534318653	Marionette	WARN	TimedPromise timed out after 500 ms: stacktrace:
TimedPromise/<@chrome://marionette/content/sync.js:228:19
TimedPromise@chrome://marionette/content/sync.js:213:10
interaction.flushEventLoop@chrome://marionette/content/interaction.js:418:10
webdriverClickElement@chrome://marionette/content/interaction.js:179:31
JavaScript error: https://www.gstatic.com/mysidia/7c516c76f1fb366b17a3e9571831221c.js?tag=video_mra/web_fig_och, line 164: SecurityError: The operation is insecure.
1604534319372	Marionette	WARN	TimedPromise timed out after 500 ms: stacktrace:
TimedPromise/<@chrome://marionette/content/sync.js:228:19
TimedPromise@chrome://marionette/content/sync.js:213:10
interaction.flushEventLoop@chrome://marionette/content/interaction.js:418:10
webdriverClickElement@chrome://marionette/content/interaction.js:179:31
1604534319622	Marionette	INFO	Stopped listening on port 60248

###!!! [Child][RunMessage] Error: Channel closing: too late to send/recv, messages will be lost


###!!! [Child][RunMessage] Error: Channel closing: too late to send/recv, messages will be lost


###!!! [Child][RunMessage] Error: Channel closing: too late to send/recv, messages will be lost


###!!! [Child][MessageChannel::SendAndWait] Error: Channel error: cannot send/recv

1604577996370	geckodriver	INFO	Listening on 127.0.0.1:53907
1604577999400	mozrunner::runner	INFO	Running command: "C:\\Program Files\\Mozilla Firefox\\firefox.exe" "--marionette" "-foreground" "-no-remote" "-profile" "C:\\Users\\gaspe\\AppData\\Local\\Temp\\rust_mozprofileVoYeRW"
Can't find symbol 'eglSwapBuffersWithDamageEXT'.
JavaScript error: resource://gre/modules/XULStore.jsm, line 66: Error: Can't find profile directory.
console.warn: SearchSettings: "get: No settings file exists, new profile?" (new Error("", "(unknown module)"))
1604578004834	Marionette	INFO	Listening on port 53916
1604578005026	Marionette	WARN	TLS certificate errors will be ignored for this session
JavaScript warning: https://www.worldometers.info/coronavirus/, line 21886: unreachable code after return statement
JavaScript warning: https://www.worldometers.info/coronavirus/, line 21942: unreachable code after return statement
1604578014785	Marionette	WARN	TimedPromise timed out after 500 ms: stacktrace:
TimedPromise/<@chrome://marionette/content/sync.js:228:19
TimedPromise@chrome://marionette/content/sync.js:213:10
interaction.flushEventLoop@chrome://marionette/content/interaction.js:418:10
webdriverClickElement@chrome://marionette/content/interaction.js:179:31
Can't find symbol 'eglSwapBuffersWithDamageEXT'.
1604578015572	Marionette	WARN	TimedPromise timed out after 500 ms: stacktrace:
TimedPromise/<@chrome://marionette/content/sync.js:228:19
TimedPromise@chrome://marionette/content/sync.js:213:10
interaction.flushEventLoop@chrome://marionette/content/interaction.js:418:10
webdriverClickElement@chrome://marionette/content/interaction.js:179:31
1604578015949	Marionette	INFO	Stopped listening on port 53916

###!!! [Child][RunMessage] Error: Channel closing: too late to send/recv, messages will be lost


###!!! [Child][MessageChannel::SendAndWait] Error: Channel error: cannot send/recv

1604592047730	geckodriver	INFO	Listening on 127.0.0.1:63512
1604592050865	mozrunner::runner	INFO	Running command: "C:\\Program Files\\Mozilla Firefox\\firefox.exe" "--marionette" "-foreground" "-no-remote" "-profile" "C:\\Users\\gaspe\\AppData\\Local\\Temp\\rust_mozprofilecbFt2Q"
Can't find symbol 'eglSwapBuffersWithDamageEXT'.
JavaScript error: resource://gre/modules/XULStore.jsm, line 66: Error: Can't find profile directory.
console.warn: SearchSettings: "get: No settings file exists, new profile?" (new Error("", "(unknown module)"))
1604592053947	Marionette	INFO	Listening on port 63521
1604592054102	Marionette	WARN	TLS certificate errors will be ignored for this session
JavaScript warning: https://www.worldometers.info/coronavirus/, line 21880: unreachable code after return statement
JavaScript warning: https://www.worldometers.info/coronavirus/, line 21936: unreachable code after return statement
Can't find symbol 'eglSwapBuffersWithDamageEXT'.
1604592063268	Marionette	WARN	TimedPromise timed out after 500 ms: stacktrace:
TimedPromise/<@chrome://marionette/content/sync.js:228:19
TimedPromise@chrome://marionette/content/sync.js:213:10
interaction.flushEventLoop@chrome://marionette/content/interaction.js:418:10
webdriverClickElement@chrome://marionette/content/interaction.js:179:31
1604592063997	Marionette	WARN	TimedPromise timed out after 500 ms: stacktrace:
TimedPromise/<@chrome://marionette/content/sync.js:228:19
TimedPromise@chrome://marionette/content/sync.js:213:10
interaction.flushEventLoop@chrome://marionette/content/interaction.js:418:10
webdriverClickElement@chrome://marionette/content/interaction.js:179:31
1604592064264	Marionette	INFO	Stopped listening on port 63521

###!!! [Child][RunMessage] Error: Channel closing: too late to send/recv, messages will be lost


###!!! [Child][RunMessage] Error: Channel closing: too late to send/recv, messages will be lost


###!!! [Child][MessageChannel::SendAndWait] Error: Channel error: cannot send/recv

